#
# There is insufficient memory for the Java Runtime Environment to continue.
# Native memory allocation (malloc) failed to allocate 4616 bytes for AllocateHeap
# Possible reasons:
#   The system is out of physical RAM or swap space
#   In 32 bit mode, the process size limit was hit
# Possible solutions:
#   Reduce memory load on the system
#   Increase physical memory or swap space
#   Check if swap backing store is full
#   Use 64 bit Java on a 64 bit OS
#   Decrease Java heap size (-Xmx/-Xms)
#   Decrease number of Java threads
#   Decrease Java thread stack sizes (-Xss)
#   Set larger code cache with -XX:ReservedCodeCacheSize=
# This output file may be truncated or incomplete.
#
#  Out of Memory Error (memory/allocation.inline.hpp:61), pid=9004, tid=512
#
# JRE version: Java(TM) SE Runtime Environment (8.0_65-b17) (build 1.8.0_65-b17)
# Java VM: Java HotSpot(TM) 64-Bit Server VM (25.65-b01 mixed mode windows-amd64 compressed oops)
# Failed to write core dump. Minidumps are not enabled by default on client versions of Windows
#

---------------  T H R E A D  ---------------

Current thread (0x0000000015289000):  JavaThread "C1 CompilerThread2" daemon [_thread_in_vm, id=512, stack(0x0000000016ab0000,0x0000000016bb0000)]

Stack: [0x0000000016ab0000,0x0000000016bb0000]
[error occurred during error reporting (printing stack bounds), id 0xc0000005]

Native frames: (J=compiled Java code, j=interpreted, Vv=VM code, C=native code)


Current CompileTask:
C1:  13440 2493   !   3       com.android.dx.dex.code.OutputFinisher::fixBranches (234 bytes)


---------------  P R O C E S S  ---------------

Java Threads: ( => current thread )
  0x000000001528d800 JavaThread "Service Thread" daemon [_thread_blocked, id=6680, stack(0x0000000016fb0000,0x00000000170b0000)]
=>0x0000000015289000 JavaThread "C1 CompilerThread2" daemon [_thread_in_vm, id=512, stack(0x0000000016ab0000,0x0000000016bb0000)]
  0x0000000015286000 JavaThread "C2 CompilerThread1" daemon [_thread_blocked, id=192, stack(0x00000000169b0000,0x0000000016ab0000)]
  0x0000000015227800 JavaThread "C2 CompilerThread0" daemon [_thread_blocked, id=8328, stack(0x00000000168b0000,0x00000000169b0000)]
  0x0000000015225800 JavaThread "Attach Listener" daemon [_thread_blocked, id=1764, stack(0x00000000167b0000,0x00000000168b0000)]
  0x0000000015224000 JavaThread "Signal Dispatcher" daemon [_thread_blocked, id=8652, stack(0x00000000166b0000,0x00000000167b0000)]
  0x0000000002b50800 JavaThread "Finalizer" daemon [_thread_blocked, id=6620, stack(0x0000000016490000,0x0000000016590000)]
  0x0000000002b4d000 JavaThread "Reference Handler" daemon [_thread_blocked, id=5792, stack(0x0000000016390000,0x0000000016490000)]
  0x0000000002a60800 JavaThread "main" [_thread_blocked, id=504, stack(0x0000000001110000,0x0000000001210000)]

Other Threads:
  0x00000000151f8000 VMThread [stack: 0x0000000016290000,0x0000000016390000] [id=792]
  0x0000000016bb3800 WatcherThread [stack: 0x00000000170b0000,0x00000000171b0000] [id=2532]

VM state:not at safepoint (normal execution)

VM Mutex/Monitor currently owned by a thread:  ([mutex/lock_event])
[0x000000000110bae0] CodeCache_lock - owner thread: 0x0000000015289000
[0x000000000110d140] Compile_lock - owner thread: 0x0000000015289000
[0x000000000110d640] MethodCompileQueue_lock - owner thread: 0x0000000015289000

Heap:
 PSYoungGen      total 292864K, used 147200K [0x00000000eab00000, 0x0000000100000000, 0x0000000100000000)
  eden space 251904K, 45% used [0x00000000eab00000,0x00000000f1b4f1c0,0x00000000fa100000)
  from space 40960K, 78% used [0x00000000fa100000,0x00000000fc071168,0x00000000fc900000)
  to   space 56320K, 0% used [0x00000000fc900000,0x00000000fc900000,0x0000000100000000)
 ParOldGen       total 160256K, used 87092K [0x00000000c0000000, 0x00000000c9c80000, 0x00000000eab00000)
  object space 160256K, 54% used [0x00000000c0000000,0x00000000c550d110,0x00000000c9c80000)
 Metaspace       used 6820K, capacity 7480K, committed 7680K, reserved 1056768K
  class space    used 642K, capacity 688K, committed 768K, reserved 1048576K

Card table byte_map: [0x0000000011f20000,0x0000000012130000] byte_map_base: 0x0000000011920000

Marking Bits: (ParMarkBitMap*) 0x000000005adca5b0
 Begin Bits: [0x0000000012690000, 0x0000000013690000)
 End Bits:   [0x0000000013690000, 0x0000000014690000)

Polling page: 0x0000000000ed0000

CodeCache: size=245760Kb used=11175Kb max_used=11175Kb free=234584Kb
 bounds [0x0000000002b60000, 0x0000000003660000, 0x0000000011b60000]
 total_blobs=2746 nmethods=2475 adapters=182
 compilation: enabled

Compilation events (10 events):
Event: 13.433 Thread 0x0000000015289000 2490       3       com.android.dx.dex.code.OutputFinisher::calculateReservedCount (122 bytes)
Event: 13.433 Thread 0x0000000015289000 nmethod 2490 0x00000000036472d0 code [0x00000000036474e0, 0x0000000003648018]
Event: 13.433 Thread 0x0000000015289000 2491       3       com.android.dx.dex.code.OutputFinisher::massageInstructions (89 bytes)
Event: 13.434 Thread 0x0000000015289000 nmethod 2491 0x0000000003648790 code [0x00000000036489c0, 0x0000000003649618]
Event: 13.434 Thread 0x0000000015289000 2492       3       com.android.dx.dex.code.OutputFinisher::assignAddresses (51 bytes)
Event: 13.434 Thread 0x0000000015289000 nmethod 2492 0x0000000003649ed0 code [0x000000000364a0c0, 0x000000000364a958]
Event: 13.434 Thread 0x0000000015289000 2498   !   3       com.android.dx.rop.cst.CstType::intern (48 bytes)
Event: 13.434 Thread 0x0000000015289000 nmethod 2498 0x000000000364dfd0 code [0x000000000364e1e0, 0x000000000364ee08]
Event: 13.435 Thread 0x0000000015286000 nmethod 2488 0x000000000364f4d0 code [0x000000000364f620, 0x000000000364fb58]
Event: 13.435 Thread 0x0000000015289000 2493   !   3       com.android.dx.dex.code.OutputFinisher::fixBranches (234 bytes)

GC Heap History (10 events):
Event: 6.662 GC heap before
{Heap before GC invocations=6 (full 0):
 PSYoungGen      total 71680K, used 71654K [0x00000000eab00000, 0x00000000f4e00000, 0x0000000100000000)
  eden space 66560K, 100% used [0x00000000eab00000,0x00000000eec00000,0x00000000eec00000)
  from space 5120K, 99% used [0x00000000eec00000,0x00000000ef0f9b50,0x00000000ef100000)
  to   space 16896K, 0% used [0x00000000f3d80000,0x00000000f3d80000,0x00000000f4e00000)
 ParOldGen       total 87552K, used 23547K [0x00000000c0000000, 0x00000000c5580000, 0x00000000eab00000)
  object space 87552K, 26% used [0x00000000c0000000,0x00000000c16fefd8,0x00000000c5580000)
 Metaspace       used 6517K, capacity 7256K, committed 7424K, reserved 1056768K
  class space    used 624K, capacity 656K, committed 768K, reserved 1048576K
Event: 6.689 GC heap after
Heap after GC invocations=6 (full 0):
 PSYoungGen      total 147456K, used 16070K [0x00000000eab00000, 0x00000000f5300000, 0x0000000100000000)
  eden space 130560K, 0% used [0x00000000eab00000,0x00000000eab00000,0x00000000f2a80000)
  from space 16896K, 95% used [0x00000000f3d80000,0x00000000f4d31b60,0x00000000f4e00000)
  to   space 19456K, 0% used [0x00000000f2a80000,0x00000000f2a80000,0x00000000f3d80000)
 ParOldGen       total 87552K, used 23547K [0x00000000c0000000, 0x00000000c5580000, 0x00000000eab00000)
  object space 87552K, 26% used [0x00000000c0000000,0x00000000c16fefd8,0x00000000c5580000)
 Metaspace       used 6517K, capacity 7256K, committed 7424K, reserved 1056768K
  class space    used 624K, capacity 656K, committed 768K, reserved 1048576K
}
Event: 7.008 GC heap before
{Heap before GC invocations=7 (full 0):
 PSYoungGen      total 147456K, used 146630K [0x00000000eab00000, 0x00000000f5300000, 0x0000000100000000)
  eden space 130560K, 100% used [0x00000000eab00000,0x00000000f2a80000,0x00000000f2a80000)
  from space 16896K, 95% used [0x00000000f3d80000,0x00000000f4d31b60,0x00000000f4e00000)
  to   space 19456K, 0% used [0x00000000f2a80000,0x00000000f2a80000,0x00000000f3d80000)
 ParOldGen       total 87552K, used 23547K [0x00000000c0000000, 0x00000000c5580000, 0x00000000eab00000)
  object space 87552K, 26% used [0x00000000c0000000,0x00000000c16fefd8,0x00000000c5580000)
 Metaspace       used 6534K, capacity 7256K, committed 7424K, reserved 1056768K
  class space    used 624K, capacity 656K, committed 768K, reserved 1048576K
Event: 7.047 GC heap after
Heap after GC invocations=7 (full 0):
 PSYoungGen      total 150016K, used 19437K [0x00000000eab00000, 0x00000000fe800000, 0x0000000100000000)
  eden space 130560K, 0% used [0x00000000eab00000,0x00000000eab00000,0x00000000f2a80000)
  from space 19456K, 99% used [0x00000000f2a80000,0x00000000f3d7b4c8,0x00000000f3d80000)
  to   space 31744K, 0% used [0x00000000fc900000,0x00000000fc900000,0x00000000fe800000)
 ParOldGen       total 87552K, used 41740K [0x00000000c0000000, 0x00000000c5580000, 0x00000000eab00000)
  object space 87552K, 47% used [0x00000000c0000000,0x00000000c28c3138,0x00000000c5580000)
 Metaspace       used 6534K, capacity 7256K, committed 7424K, reserved 1056768K
  class space    used 624K, capacity 656K, committed 768K, reserved 1048576K
}
Event: 7.438 GC heap before
{Heap before GC invocations=8 (full 0):
 PSYoungGen      total 150016K, used 149997K [0x00000000eab00000, 0x00000000fe800000, 0x0000000100000000)
  eden space 130560K, 100% used [0x00000000eab00000,0x00000000f2a80000,0x00000000f2a80000)
  from space 19456K, 99% used [0x00000000f2a80000,0x00000000f3d7b4c8,0x00000000f3d80000)
  to   space 31744K, 0% used [0x00000000fc900000,0x00000000fc900000,0x00000000fe800000)
 ParOldGen       total 87552K, used 41740K [0x00000000c0000000, 0x00000000c5580000, 0x00000000eab00000)
  object space 87552K, 47% used [0x00000000c0000000,0x00000000c28c3138,0x00000000c5580000)
 Metaspace       used 6536K, capacity 7256K, committed 7424K, reserved 1056768K
  class space    used 624K, capacity 656K, committed 768K, reserved 1048576K
Event: 7.495 GC heap after
Heap after GC invocations=8 (full 0):
 PSYoungGen      total 283648K, used 31720K [0x00000000eab00000, 0x00000000ffa00000, 0x0000000100000000)
  eden space 251904K, 0% used [0x00000000eab00000,0x00000000eab00000,0x00000000fa100000)
  from space 31744K, 99% used [0x00000000fc900000,0x00000000fe7fa310,0x00000000fe800000)
  to   space 40960K, 0% used [0x00000000fa100000,0x00000000fa100000,0x00000000fc900000)
 ParOldGen       total 87552K, used 50484K [0x00000000c0000000, 0x00000000c5580000, 0x00000000eab00000)
  object space 87552K, 57% used [0x00000000c0000000,0x00000000c314d038,0x00000000c5580000)
 Metaspace       used 6536K, capacity 7256K, committed 7424K, reserved 1056768K
  class space    used 624K, capacity 656K, committed 768K, reserved 1048576K
}
Event: 8.221 GC heap before
{Heap before GC invocations=9 (full 0):
 PSYoungGen      total 283648K, used 283624K [0x00000000eab00000, 0x00000000ffa00000, 0x0000000100000000)
  eden space 251904K, 100% used [0x00000000eab00000,0x00000000fa100000,0x00000000fa100000)
  from space 31744K, 99% used [0x00000000fc900000,0x00000000fe7fa310,0x00000000fe800000)
  to   space 40960K, 0% used [0x00000000fa100000,0x00000000fa100000,0x00000000fc900000)
 ParOldGen       total 87552K, used 50484K [0x00000000c0000000, 0x00000000c5580000, 0x00000000eab00000)
  object space 87552K, 57% used [0x00000000c0000000,0x00000000c314d038,0x00000000c5580000)
 Metaspace       used 6556K, capacity 7256K, committed 7424K, reserved 1056768K
  class space    used 625K, capacity 656K, committed 768K, reserved 1048576K
Event: 8.586 GC heap after
Heap after GC invocations=9 (full 0):
 PSYoungGen      total 292864K, used 40953K [0x00000000eab00000, 0x0000000100000000, 0x0000000100000000)
  eden space 251904K, 0% used [0x00000000eab00000,0x00000000eab00000,0x00000000fa100000)
  from space 40960K, 99% used [0x00000000fa100000,0x00000000fc8fe5c8,0x00000000fc900000)
  to   space 56320K, 0% used [0x00000000fc900000,0x00000000fc900000,0x0000000100000000)
 ParOldGen       total 87552K, used 82679K [0x00000000c0000000, 0x00000000c5580000, 0x00000000eab00000)
  object space 87552K, 94% used [0x00000000c0000000,0x00000000c50bdd00,0x00000000c5580000)
 Metaspace       used 6556K, capacity 7256K, committed 7424K, reserved 1056768K
  class space    used 625K, capacity 656K, committed 768K, reserved 1048576K
}
Event: 8.586 GC heap before
{Heap before GC invocations=10 (full 1):
 PSYoungGen      total 292864K, used 40953K [0x00000000eab00000, 0x0000000100000000, 0x0000000100000000)
  eden space 251904K, 0% used [0x00000000eab00000,0x00000000eab00000,0x00000000fa100000)
  from space 40960K, 99% used [0x00000000fa100000,0x00000000fc8fe5c8,0x00000000fc900000)
  to   space 56320K, 0% used [0x00000000fc900000,0x00000000fc900000,0x0000000100000000)
 ParOldGen       total 87552K, used 82679K [0x00000000c0000000, 0x00000000c5580000, 0x00000000eab00000)
  object space 87552K, 94% used [0x00000000c0000000,0x00000000c50bdd00,0x00000000c5580000)
 Metaspace       used 6556K, capacity 7256K, committed 7424K, reserved 1056768K
  class space    used 625K, capacity 656K, committed 768K, reserved 1048576K
Event: 9.600 GC heap after
Heap after GC invocations=10 (full 1):
 PSYoungGen      total 292864K, used 32196K [0x00000000eab00000, 0x0000000100000000, 0x0000000100000000)
  eden space 251904K, 0% used [0x00000000eab00000,0x00000000eab00000,0x00000000fa100000)
  from space 40960K, 78% used [0x00000000fa100000,0x00000000fc071168,0x00000000fc900000)
  to   space 56320K, 0% used [0x00000000fc900000,0x00000000fc900000,0x0000000100000000)
 ParOldGen       total 160256K, used 87092K [0x00000000c0000000, 0x00000000c9c80000, 0x00000000eab00000)
  object space 160256K, 54% used [0x00000000c0000000,0x00000000c550d110,0x00000000c9c80000)
 Metaspace       used 6556K, capacity 7256K, committed 7424K, reserved 1056768K
  class space    used 625K, capacity 656K, committed 768K, reserved 1048576K
}

Deoptimization events (10 events):
Event: 10.055 Thread 0x0000000002a60800 Uncommon trap: reason=class_check action=maybe_recompile pc=0x0000000002fc3e74 method=java.util.Arrays.hashCode([Ljava/lang/Object;)I @ 43
Event: 10.187 Thread 0x0000000002a60800 Uncommon trap: reason=unstable_if action=reinterpret pc=0x000000000338b514 method=java.util.HashMap.putVal(ILjava/lang/Object;Ljava/lang/Object;ZZ)Ljava/lang/Object; @ 94
Event: 13.022 Thread 0x0000000002a60800 Uncommon trap: reason=bimorphic action=maybe_recompile pc=0x00000000035d8b04 method=com.android.dx.dex.file.MixedItemSection$1.compare(Lcom/android/dx/dex/file/OffsettedItem;Lcom/android/dx/dex/file/OffsettedItem;)I @ 1
Event: 13.023 Thread 0x0000000002a60800 Uncommon trap: reason=bimorphic action=maybe_recompile pc=0x00000000035d8b04 method=com.android.dx.dex.file.MixedItemSection$1.compare(Lcom/android/dx/dex/file/OffsettedItem;Lcom/android/dx/dex/file/OffsettedItem;)I @ 1
Event: 13.023 Thread 0x0000000002a60800 Uncommon trap: reason=bimorphic action=maybe_recompile pc=0x00000000035d8b04 method=com.android.dx.dex.file.MixedItemSection$1.compare(Lcom/android/dx/dex/file/OffsettedItem;Lcom/android/dx/dex/file/OffsettedItem;)I @ 1
Event: 13.023 Thread 0x0000000002a60800 Uncommon trap: reason=bimorphic action=maybe_recompile pc=0x00000000035d8b04 method=com.android.dx.dex.file.MixedItemSection$1.compare(Lcom/android/dx/dex/file/OffsettedItem;Lcom/android/dx/dex/file/OffsettedItem;)I @ 1
Event: 13.317 Thread 0x0000000002a60800 Uncommon trap: reason=class_check action=maybe_recompile pc=0x0000000002e64750 method=java.util.Arrays.equals([Ljava/lang/Object;[Ljava/lang/Object;)Z @ 62
Event: 13.317 Thread 0x0000000002a60800 Uncommon trap: reason=class_check action=maybe_recompile pc=0x0000000002e64750 method=java.util.Arrays.equals([Ljava/lang/Object;[Ljava/lang/Object;)Z @ 62
Event: 13.317 Thread 0x0000000002a60800 Uncommon trap: reason=class_check action=maybe_recompile pc=0x0000000002e64750 method=java.util.Arrays.equals([Ljava/lang/Object;[Ljava/lang/Object;)Z @ 62
Event: 13.317 Thread 0x0000000002a60800 Uncommon trap: reason=class_check action=maybe_recompile pc=0x0000000002e64750 method=java.util.Arrays.equals([Ljava/lang/Object;[Ljava/lang/Object;)Z @ 62

Internal exceptions (9 events):
Event: 1.211 Thread 0x0000000002a60800 Exception <a 'java/lang/NoSuchMethodError': Method sun.misc.Unsafe.defineClass(Ljava/lang/String;[BII)Ljava/lang/Class; name or signature does not match> (0x00000000eab0d840) thrown at [C:\workspace\8-2-build-windows-amd64-cygwin\jdk8u65\4987\hotspot\src\sÁ√T_Û?
Event: 1.211 Thread 0x0000000002a60800 Exception <a 'java/lang/NoSuchMethodError': Method sun.misc.Unsafe.prefetchRead(Ljava/lang/Object;J)V name or signature does not match> (0x00000000eab0db28) thrown at [C:\workspace\8-2-build-windows-amd64-cygwin\jdk8u65\4987\hotspot\src\share\vm\prims\jni.…@Ö\}@
Event: 6.122 Thread 0x0000000016ef3800 Implicit null exception at 0x0000000002eaf0a2 to 0x0000000002eaf19a
Event: 6.200 Thread 0x0000000002a60800 Exception <a 'java/lang/ArrayIndexOutOfBoundsException': 18> (0x00000000ec267718) thrown at [C:\workspace\8-2-build-windows-amd64-cygwin\jdk8u65\4987\hotspot\src\share\vm\interpreter\interpreterRuntime.cpp, line 366]
Event: 6.201 Thread 0x0000000002a60800 Exception <a 'java/lang/ArrayIndexOutOfBoundsException'> (0x00000000ec269298) thrown at [C:\workspace\8-2-build-windows-amd64-cygwin\jdk8u65\4987\hotspot\src\share\vm\runtime\sharedRuntime.cpp, line 605]
Event: 6.202 Thread 0x0000000002a60800 Exception <a 'java/lang/ArrayIndexOutOfBoundsException'> (0x00000000ec26a580) thrown at [C:\workspace\8-2-build-windows-amd64-cygwin\jdk8u65\4987\hotspot\src\share\vm\runtime\sharedRuntime.cpp, line 605]
Event: 6.830 Thread 0x0000000002a60800 Implicit null exception at 0x000000000324d913 to 0x000000000324f059
Event: 7.628 Thread 0x0000000016ef4800 Implicit null exception at 0x00000000033bc5ab to 0x00000000033c1a95
Event: 7.629 Thread 0x0000000016ef4800 Implicit null exception at 0x000000000338fd55 to 0x0000000003393bcd

Events (10 events):
Event: 13.317 Thread 0x0000000002a60800 Uncommon trap: trap_request=0xffffffde fr.pc=0x0000000002e64750
Event: 13.317 Thread 0x0000000002a60800 DEOPT PACKING pc=0x0000000002e64750 sp=0x000000000120eb70
Event: 13.317 Thread 0x0000000002a60800 DEOPT UNPACKING pc=0x0000000002ba582a sp=0x000000000120eb00 mode 2
Event: 13.317 Thread 0x0000000002a60800 Uncommon trap: trap_request=0xffffffde fr.pc=0x0000000002e64750
Event: 13.317 Thread 0x0000000002a60800 DEOPT PACKING pc=0x0000000002e64750 sp=0x000000000120eb70
Event: 13.317 Thread 0x0000000002a60800 DEOPT UNPACKING pc=0x0000000002ba582a sp=0x000000000120eb00 mode 2
Event: 13.318 loading class com/android/dx/dex/code/CatchTable$Entry
Event: 13.318 loading class com/android/dx/dex/code/CatchTable$Entry done
Event: 13.319 loading class com/android/dx/util/ByteArrayAnnotatedOutput
Event: 13.319 loading class com/android/dx/util/ByteArrayAnnotatedOutput done


Dynamic libraries:
0x00007ff6937b0000 - 0x00007ff6937e7000 	C:\Program Files\Java\jdk1.8.0_65\bin\java.exe
0x00007ffac49d0000 - 0x00007ffac4ba1000 	C:\WINDOWS\SYSTEM32\ntdll.dll
0x00007ffac1fa0000 - 0x00007ffac204b000 	C:\WINDOWS\System32\KERNEL32.DLL
0x00007ffac17a0000 - 0x00007ffac19bd000 	C:\WINDOWS\System32\KERNELBASE.dll
0x00007ffac4090000 - 0x00007ffac4132000 	C:\WINDOWS\System32\ADVAPI32.dll
0x00007ffac39d0000 - 0x00007ffac3a6e000 	C:\WINDOWS\System32\msvcrt.dll
0x00007ffac4910000 - 0x00007ffac4969000 	C:\WINDOWS\System32\sechost.dll
0x00007ffac38a0000 - 0x00007ffac39c1000 	C:\WINDOWS\System32\RPCRT4.dll
0x00007ffac47a0000 - 0x00007ffac4905000 	C:\WINDOWS\System32\USER32.dll
0x00007ffac1f40000 - 0x00007ffac1f5e000 	C:\WINDOWS\System32\win32u.dll
0x00007ffac1f60000 - 0x00007ffac1f94000 	C:\WINDOWS\System32\GDI32.dll
0x00007ffac1d40000 - 0x00007ffac1ec2000 	C:\WINDOWS\System32\gdi32full.dll
0x00007ffab7db0000 - 0x00007ffab8029000 	C:\WINDOWS\WinSxS\amd64_microsoft.windows.common-controls_6595b64144ccf1df_6.0.14393.0_none_2d0f50fcbdb171b8\COMCTL32.dll
0x00007ffac4250000 - 0x00007ffac4517000 	C:\WINDOWS\System32\combase.dll
0x00007ffac19c0000 - 0x00007ffac1ab5000 	C:\WINDOWS\System32\ucrtbase.dll
0x00007ffac1ed0000 - 0x00007ffac1f3a000 	C:\WINDOWS\System32\bcryptPrimitives.dll
0x00007ffac4210000 - 0x00007ffac423e000 	C:\WINDOWS\System32\IMM32.DLL
0x000000005a430000 - 0x000000005a502000 	C:\Program Files\Java\jdk1.8.0_65\jre\bin\msvcr100.dll
0x000000005a5c0000 - 0x000000005ae49000 	C:\Program Files\Java\jdk1.8.0_65\jre\bin\server\jvm.dll
0x00007ffac4520000 - 0x00007ffac4528000 	C:\WINDOWS\System32\PSAPI.DLL
0x00007ffaba5f0000 - 0x00007ffaba5f9000 	C:\WINDOWS\SYSTEM32\WSOCK32.dll
0x00007ffac3a70000 - 0x00007ffac3ada000 	C:\WINDOWS\System32\WS2_32.dll
0x00007ffabf160000 - 0x00007ffabf183000 	C:\WINDOWS\SYSTEM32\WINMM.dll
0x00007ffabc750000 - 0x00007ffabc75a000 	C:\WINDOWS\SYSTEM32\VERSION.dll
0x00007ffabf100000 - 0x00007ffabf12b000 	C:\WINDOWS\SYSTEM32\WINMMBASE.dll
0x00007ffac15a0000 - 0x00007ffac15e2000 	C:\WINDOWS\System32\cfgmgr32.dll
0x000000005b460000 - 0x000000005b46f000 	C:\Program Files\Java\jdk1.8.0_65\jre\bin\verify.dll
0x000000005b430000 - 0x000000005b459000 	C:\Program Files\Java\jdk1.8.0_65\jre\bin\java.dll
0x000000005b410000 - 0x000000005b426000 	C:\Program Files\Java\jdk1.8.0_65\jre\bin\zip.dll
0x00007ffac2390000 - 0x00007ffac3898000 	C:\WINDOWS\System32\SHELL32.dll
0x00007ffac0ec0000 - 0x00007ffac159a000 	C:\WINDOWS\System32\windows.storage.dll
0x00007ffac0e30000 - 0x00007ffac0e7c000 	C:\WINDOWS\System32\powrprof.dll
0x00007ffac4970000 - 0x00007ffac49c2000 	C:\WINDOWS\System32\shlwapi.dll
0x00007ffac0e80000 - 0x00007ffac0e8f000 	C:\WINDOWS\System32\kernel.appcore.dll
0x00007ffac1ac0000 - 0x00007ffac1b69000 	C:\WINDOWS\System32\shcore.dll
0x00007ffac0e90000 - 0x00007ffac0ea4000 	C:\WINDOWS\System32\profapi.dll

VM Arguments:
jvm_args: -Djava.awt.headless=true -Xmx1024M -Dfile.encoding=windows-1252 -Duser.country=DE -Duser.language=de -Duser.variant 
java_command: com.android.dx.command.Main --dex --force-jumbo --num-threads=4 --output C:\Users\Max\AndroidStudioProjects\StudyLA\StudyLA\app\build\intermediates\pre-dexed\debug\guava-18.0_50b1d12eb852caa816b7186a93093bcddfff422c.jar C:\Users\Max\.gradle\caches\modules-2\files-2.1\com.google.guava\guava\18.0\cce0823396aa693798f8882e64213b1772032b09\guava-18.0.jar
java_class_path (initial): C:\Users\Max\AppData\Local\Android\sdk\build-tools\24.0.0\lib\dx.jar
Launcher Type: SUN_STANDARD

Environment Variables:
JAVA_HOME=C:\Program Files\Java\jdk1.8.0_65
PATH=C:\Program Files (x86)\NVIDIA Corporation\PhysX\Common;C:\ProgramData\Oracle\Java\javapath;C:\WINDOWS\system32;C:\WINDOWS;C:\WINDOWS\System32\Wbem;C:\WINDOWS\System32\WindowsPowerShell\v1.0\;C:\Program Files (x86)\AMD\ATI.ACE\Core-Static;C:\Program Files (x86)\ATI Technologies\ATI.ACE\Core-Static;C:\Program Files (x86)\Windows Kits\8.1\Windows Performance Toolkit\;C:\Program Files\Git\cmd;C:\WINDOWS\system32\config\systemprofile\.dnx\bin;C:\Program Files\Microsoft DNX\Dnvm\;C:\Program Files\Microsoft SQL Server\120\Tools\Binn\;C:\Program Files (x86)\Windows Live\Shared;C:\Users\Max\AppData\Local\Programs\Python\Python35-32\Scripts\;C:\Users\Max\AppData\Local\Programs\Python\Python35-32\;%USERPROFILE%\AppData\Local\Microsoft\WindowsApps;
USERNAME=Max
OS=Windows_NT
PROCESSOR_IDENTIFIER=Intel64 Family 6 Model 60 Stepping 3, GenuineIntel



---------------  S Y S T E M  ---------------

OS: Windows 10.0 , 64 bit Build 14393 (10.0.14393.0)

CPU:total 4 (4 cores per cpu, 1 threads per core) family 6 model 60 stepping 3, cmov, cx8, fxsr, mmx, sse, sse2, sse3, ssse3, sse4.1, sse4.2, popcnt, avx, avx2, aes, clmul, erms, lzcnt, tsc, tscinvbit, bmi1, bmi2

Memory: 4k page, physical 8264344k(812092k free), swap 10949360k(1108k free)

vm_info: Java HotSpot(TM) 64-Bit Server VM (25.65-b01) for windows-amd64 JRE (1.8.0_65-b17), built on Oct  6 2015 16:39:20 by "java_re" with MS VC++ 10.0 (VS2010)

time: Tue Oct 25 14:51:35 2016
elapsed time: 13 seconds (0d 0h 0m 13s)

