#
# There is insufficient memory for the Java Runtime Environment to continue.
# Native memory allocation (malloc) failed to allocate 1080816 bytes for Chunk::new
# Possible reasons:
#   The system is out of physical RAM or swap space
#   In 32 bit mode, the process size limit was hit
# Possible solutions:
#   Reduce memory load on the system
#   Increase physical memory or swap space
#   Check if swap backing store is full
#   Use 64 bit Java on a 64 bit OS
#   Decrease Java heap size (-Xmx/-Xms)
#   Decrease number of Java threads
#   Decrease Java thread stack sizes (-Xss)
#   Set larger code cache with -XX:ReservedCodeCacheSize=
# This output file may be truncated or incomplete.
#
#  Out of Memory Error (allocation.cpp:390), pid=3048, tid=8700
#
# JRE version: Java(TM) SE Runtime Environment (8.0_65-b17) (build 1.8.0_65-b17)
# Java VM: Java HotSpot(TM) 64-Bit Server VM (25.65-b01 mixed mode windows-amd64 compressed oops)
# Failed to write core dump. Minidumps are not enabled by default on client versions of Windows
#

---------------  T H R E A D  ---------------

Current thread (0x0000000015926000):  JavaThread "C2 CompilerThread1" daemon [_thread_in_native, id=8700, stack(0x0000000017030000,0x0000000017130000)]

Stack: [0x0000000017030000,0x0000000017130000]
[error occurred during error reporting (printing stack bounds), id 0xc0000005]

Native frames: (J=compiled Java code, j=interpreted, Vv=VM code, C=native code)


Current CompileTask:
C2:   6702 2408   !   4       com.android.dx.cf.code.BytecodeArray::parseInstruction (2764 bytes)


---------------  P R O C E S S  ---------------

Java Threads: ( => current thread )
  0x0000000017552800 JavaThread "pool-1-thread-4" [_thread_blocked, id=8508, stack(0x0000000017c30000,0x0000000017d30000)]
  0x00000000174df000 JavaThread "pool-1-thread-3" [_thread_blocked, id=7012, stack(0x0000000017b30000,0x0000000017c30000)]
  0x00000000174de000 JavaThread "pool-1-thread-2" [_thread_blocked, id=9604, stack(0x0000000017a30000,0x0000000017b30000)]
  0x000000001758b800 JavaThread "pool-2-thread-1" [_thread_blocked, id=9204, stack(0x0000000017930000,0x0000000017a30000)]
  0x000000001758a800 JavaThread "pool-1-thread-1" [_thread_blocked, id=352, stack(0x0000000017830000,0x0000000017930000)]
  0x0000000017235800 JavaThread "Service Thread" daemon [_thread_blocked, id=5528, stack(0x0000000017630000,0x0000000017730000)]
  0x000000001592c000 JavaThread "C1 CompilerThread2" daemon [_thread_blocked, id=7072, stack(0x0000000017130000,0x0000000017230000)]
=>0x0000000015926000 JavaThread "C2 CompilerThread1" daemon [_thread_in_native, id=8700, stack(0x0000000017030000,0x0000000017130000)]
  0x00000000158c9800 JavaThread "C2 CompilerThread0" daemon [_thread_in_native, id=8776, stack(0x0000000016f30000,0x0000000017030000)]
  0x00000000158c7800 JavaThread "Attach Listener" daemon [_thread_blocked, id=4516, stack(0x0000000016e30000,0x0000000016f30000)]
  0x00000000158c6000 JavaThread "Signal Dispatcher" daemon [_thread_blocked, id=7724, stack(0x0000000016d30000,0x0000000016e30000)]
  0x00000000031f0800 JavaThread "Finalizer" daemon [_thread_blocked, id=5512, stack(0x0000000016b20000,0x0000000016c20000)]
  0x00000000031ed000 JavaThread "Reference Handler" daemon [_thread_blocked, id=3280, stack(0x0000000016a20000,0x0000000016b20000)]
  0x0000000003100800 JavaThread "main" [_thread_blocked, id=5004, stack(0x0000000002f00000,0x0000000003000000)]

Other Threads:
  0x0000000015898000 VMThread [stack: 0x0000000016920000,0x0000000016a20000] [id=9712]
  0x000000001724a000 WatcherThread [stack: 0x0000000017730000,0x0000000017830000] [id=4412]

VM state:not at safepoint (normal execution)

VM Mutex/Monitor currently owned by a thread: None

Heap:
 PSYoungGen      total 290304K, used 39837K [0x00000000eab00000, 0x00000000fee00000, 0x0000000100000000)
  eden space 262144K, 5% used [0x00000000eab00000,0x00000000eb9b7c18,0x00000000fab00000)
  from space 28160K, 87% used [0x00000000fca80000,0x00000000fe2af838,0x00000000fe600000)
  to   space 32256K, 0% used [0x00000000fab00000,0x00000000fab00000,0x00000000fca80000)
 ParOldGen       total 87552K, used 43225K [0x00000000c0000000, 0x00000000c5580000, 0x00000000eab00000)
  object space 87552K, 49% used [0x00000000c0000000,0x00000000c2a367d8,0x00000000c5580000)
 Metaspace       used 6547K, capacity 7256K, committed 7424K, reserved 1056768K
  class space    used 624K, capacity 656K, committed 768K, reserved 1048576K

Card table byte_map: [0x00000000125c0000,0x00000000127d0000] byte_map_base: 0x0000000011fc0000

Marking Bits: (ParMarkBitMap*) 0x000000005adca5b0
 Begin Bits: [0x0000000012d30000, 0x0000000013d30000)
 End Bits:   [0x0000000013d30000, 0x0000000014d30000)

Polling page: 0x0000000002eb0000

CodeCache: size=245760Kb used=9944Kb max_used=9947Kb free=235815Kb
 bounds [0x0000000003200000, 0x0000000003bd0000, 0x0000000012200000]
 total_blobs=2494 nmethods=2224 adapters=182
 compilation: enabled

Compilation events (10 events):
Event: 6.502 Thread 0x0000000015926000 nmethod 2290 0x0000000003b88990 code [0x0000000003b88ae0, 0x0000000003b88f98]
Event: 6.510 Thread 0x0000000015926000 2407       4       com.android.dx.rop.cst.CstMemberRef::<init> (43 bytes)
Event: 6.510 Thread 0x0000000015926000 nmethod 2407 0x0000000003b87710 code [0x0000000003b87840, 0x0000000003b878f8]
Event: 6.511 Thread 0x0000000015926000 2408   !   4       com.android.dx.cf.code.BytecodeArray::parseInstruction (2764 bytes)
Event: 6.564 Thread 0x000000001592c000 2414       3       com.android.dx.dex.code.RopTranslator$TranslationVisitor::addOutputSuffix (9 bytes)
Event: 6.564 Thread 0x000000001592c000 nmethod 2414 0x0000000003b87ed0 code [0x0000000003b88080, 0x0000000003b88648]
Event: 6.565 Thread 0x000000001592c000 2417       3       java.util.TimSort::binarySort (223 bytes)
Event: 6.565 Thread 0x000000001592c000 nmethod 2417 0x0000000003b4f710 code [0x0000000003b4f8e0, 0x0000000003b502b8]
Event: 6.572 Thread 0x000000001592c000 2436       2       com.android.dx.ssa.ConstCollector$1::compare (42 bytes)
Event: 6.572 Thread 0x000000001592c000 nmethod 2436 0x0000000003ba44d0 code [0x0000000003ba4680, 0x0000000003ba4a18]

GC Heap History (10 events):
Event: 0.826 GC heap before
{Heap before GC invocations=2 (full 0):
 PSYoungGen      total 38400K, used 38140K [0x00000000eab00000, 0x00000000ef600000, 0x0000000100000000)
  eden space 33280K, 100% used [0x00000000eab00000,0x00000000ecb80000,0x00000000ecb80000)
  from space 5120K, 94% used [0x00000000ecb80000,0x00000000ed03f1b8,0x00000000ed080000)
  to   space 5120K, 0% used [0x00000000ef100000,0x00000000ef100000,0x00000000ef600000)
 ParOldGen       total 87552K, used 8K [0x00000000c0000000, 0x00000000c5580000, 0x00000000eab00000)
  object space 87552K, 0% used [0x00000000c0000000,0x00000000c0002000,0x00000000c5580000)
 Metaspace       used 6125K, capacity 7024K, committed 7296K, reserved 1056768K
  class space    used 603K, capacity 616K, committed 640K, reserved 1048576K
Event: 0.843 GC heap after
Heap after GC invocations=2 (full 0):
 PSYoungGen      total 71680K, used 5098K [0x00000000eab00000, 0x00000000ef600000, 0x0000000100000000)
  eden space 66560K, 0% used [0x00000000eab00000,0x00000000eab00000,0x00000000eec00000)
  from space 5120K, 99% used [0x00000000ef100000,0x00000000ef5fa958,0x00000000ef600000)
  to   space 5120K, 0% used [0x00000000eec00000,0x00000000eec00000,0x00000000ef100000)
 ParOldGen       total 87552K, used 3002K [0x00000000c0000000, 0x00000000c5580000, 0x00000000eab00000)
  object space 87552K, 3% used [0x00000000c0000000,0x00000000c02eead0,0x00000000c5580000)
 Metaspace       used 6125K, capacity 7024K, committed 7296K, reserved 1056768K
  class space    used 603K, capacity 616K, committed 640K, reserved 1048576K
}
Event: 1.600 GC heap before
{Heap before GC invocations=3 (full 0):
 PSYoungGen      total 71680K, used 71658K [0x00000000eab00000, 0x00000000ef600000, 0x0000000100000000)
  eden space 66560K, 100% used [0x00000000eab00000,0x00000000eec00000,0x00000000eec00000)
  from space 5120K, 99% used [0x00000000ef100000,0x00000000ef5fa958,0x00000000ef600000)
  to   space 5120K, 0% used [0x00000000eec00000,0x00000000eec00000,0x00000000ef100000)
 ParOldGen       total 87552K, used 3002K [0x00000000c0000000, 0x00000000c5580000, 0x00000000eab00000)
  object space 87552K, 3% used [0x00000000c0000000,0x00000000c02eead0,0x00000000c5580000)
 Metaspace       used 6240K, capacity 7088K, committed 7296K, reserved 1056768K
  class space    used 603K, capacity 616K, committed 640K, reserved 1048576K
Event: 1.762 GC heap after
Heap after GC invocations=3 (full 0):
 PSYoungGen      total 71680K, used 5114K [0x00000000eab00000, 0x00000000f3700000, 0x0000000100000000)
  eden space 66560K, 0% used [0x00000000eab00000,0x00000000eab00000,0x00000000eec00000)
  from space 5120K, 99% used [0x00000000eec00000,0x00000000ef0fe978,0x00000000ef100000)
  to   space 5120K, 0% used [0x00000000f3200000,0x00000000f3200000,0x00000000f3700000)
 ParOldGen       total 87552K, used 11867K [0x00000000c0000000, 0x00000000c5580000, 0x00000000eab00000)
  object space 87552K, 13% used [0x00000000c0000000,0x00000000c0b96c18,0x00000000c5580000)
 Metaspace       used 6240K, capacity 7088K, committed 7296K, reserved 1056768K
  class space    used 603K, capacity 616K, committed 640K, reserved 1048576K
}
Event: 2.403 GC heap before
{Heap before GC invocations=4 (full 0):
 PSYoungGen      total 71680K, used 71674K [0x00000000eab00000, 0x00000000f3700000, 0x0000000100000000)
  eden space 66560K, 100% used [0x00000000eab00000,0x00000000eec00000,0x00000000eec00000)
  from space 5120K, 99% used [0x00000000eec00000,0x00000000ef0fe978,0x00000000ef100000)
  to   space 5120K, 0% used [0x00000000f3200000,0x00000000f3200000,0x00000000f3700000)
 ParOldGen       total 87552K, used 11867K [0x00000000c0000000, 0x00000000c5580000, 0x00000000eab00000)
  object space 87552K, 13% used [0x00000000c0000000,0x00000000c0b96c18,0x00000000c5580000)
 Metaspace       used 6321K, capacity 7152K, committed 7296K, reserved 1056768K
  class space    used 604K, capacity 616K, committed 640K, reserved 1048576K
Event: 2.733 GC heap after
Heap after GC invocations=4 (full 0):
 PSYoungGen      total 138240K, used 5096K [0x00000000eab00000, 0x00000000f3700000, 0x0000000100000000)
  eden space 133120K, 0% used [0x00000000eab00000,0x00000000eab00000,0x00000000f2d00000)
  from space 5120K, 99% used [0x00000000f3200000,0x00000000f36fa298,0x00000000f3700000)
  to   space 5120K, 0% used [0x00000000f2d00000,0x00000000f2d00000,0x00000000f3200000)
 ParOldGen       total 87552K, used 22012K [0x00000000c0000000, 0x00000000c5580000, 0x00000000eab00000)
  object space 87552K, 25% used [0x00000000c0000000,0x00000000c157f3e0,0x00000000c5580000)
 Metaspace       used 6321K, capacity 7152K, committed 7296K, reserved 1056768K
  class space    used 604K, capacity 616K, committed 640K, reserved 1048576K
}
Event: 3.762 GC heap before
{Heap before GC invocations=5 (full 0):
 PSYoungGen      total 138240K, used 138216K [0x00000000eab00000, 0x00000000f3700000, 0x0000000100000000)
  eden space 133120K, 100% used [0x00000000eab00000,0x00000000f2d00000,0x00000000f2d00000)
  from space 5120K, 99% used [0x00000000f3200000,0x00000000f36fa298,0x00000000f3700000)
  to   space 5120K, 0% used [0x00000000f2d00000,0x00000000f2d00000,0x00000000f3200000)
 ParOldGen       total 87552K, used 22012K [0x00000000c0000000, 0x00000000c5580000, 0x00000000eab00000)
  object space 87552K, 25% used [0x00000000c0000000,0x00000000c157f3e0,0x00000000c5580000)
 Metaspace       used 6527K, capacity 7256K, committed 7424K, reserved 1056768K
  class space    used 624K, capacity 656K, committed 768K, reserved 1048576K
Event: 3.990 GC heap after
Heap after GC invocations=5 (full 0):
 PSYoungGen      total 138240K, used 5119K [0x00000000eab00000, 0x00000000fe600000, 0x0000000100000000)
  eden space 133120K, 0% used [0x00000000eab00000,0x00000000eab00000,0x00000000f2d00000)
  from space 5120K, 99% used [0x00000000f2d00000,0x00000000f31ffe58,0x00000000f3200000)
  to   space 28160K, 0% used [0x00000000fca80000,0x00000000fca80000,0x00000000fe600000)
 ParOldGen       total 87552K, used 43225K [0x00000000c0000000, 0x00000000c5580000, 0x00000000eab00000)
  object space 87552K, 49% used [0x00000000c0000000,0x00000000c2a367d8,0x00000000c5580000)
 Metaspace       used 6527K, capacity 7256K, committed 7424K, reserved 1056768K
  class space    used 624K, capacity 656K, committed 768K, reserved 1048576K
}
Event: 5.800 GC heap before
{Heap before GC invocations=6 (full 0):
 PSYoungGen      total 138240K, used 138239K [0x00000000eab00000, 0x00000000fe600000, 0x0000000100000000)
  eden space 133120K, 100% used [0x00000000eab00000,0x00000000f2d00000,0x00000000f2d00000)
  from space 5120K, 99% used [0x00000000f2d00000,0x00000000f31ffe58,0x00000000f3200000)
  to   space 28160K, 0% used [0x00000000fca80000,0x00000000fca80000,0x00000000fe600000)
 ParOldGen       total 87552K, used 43225K [0x00000000c0000000, 0x00000000c5580000, 0x00000000eab00000)
  object space 87552K, 49% used [0x00000000c0000000,0x00000000c2a367d8,0x00000000c5580000)
 Metaspace       used 6546K, capacity 7256K, committed 7424K, reserved 1056768K
  class space    used 624K, capacity 656K, committed 768K, reserved 1048576K
Event: 6.115 GC heap after
Heap after GC invocations=6 (full 0):
 PSYoungGen      total 290304K, used 24766K [0x00000000eab00000, 0x00000000fee00000, 0x0000000100000000)
  eden space 262144K, 0% used [0x00000000eab00000,0x00000000eab00000,0x00000000fab00000)
  from space 28160K, 87% used [0x00000000fca80000,0x00000000fe2af838,0x00000000fe600000)
  to   space 32256K, 0% used [0x00000000fab00000,0x00000000fab00000,0x00000000fca80000)
 ParOldGen       total 87552K, used 43225K [0x00000000c0000000, 0x00000000c5580000, 0x00000000eab00000)
  object space 87552K, 49% used [0x00000000c0000000,0x00000000c2a367d8,0x00000000c5580000)
 Metaspace       used 6546K, capacity 7256K, committed 7424K, reserved 1056768K
  class space    used 624K, capacity 656K, committed 768K, reserved 1048576K
}

Deoptimization events (10 events):
Event: 4.209 Thread 0x0000000017552800 Uncommon trap: reason=unstable_if action=reinterpret pc=0x000000000359d9c8 method=com.android.dx.ssa.SsaMethod.getExitBlock()Lcom/android/dx/ssa/SsaBasicBlock; @ 4
Event: 5.026 Thread 0x0000000003100800 Uncommon trap: reason=unloaded action=reinterpret pc=0x00000000039c95d4 method=com.android.dx.cf.cst.ConstantPoolParser.parse0(ILjava/util/BitSet;)Lcom/android/dx/rop/cst/Constant; @ 220
Event: 5.038 Thread 0x0000000003100800 Uncommon trap: reason=bimorphic action=maybe_recompile pc=0x0000000003a9ce18 method=com.android.dx.cf.code.BytecodeArray.parseInstruction(ILcom/android/dx/cf/code/BytecodeArray$Visitor;)I @ 971
Event: 5.039 Thread 0x0000000003100800 Uncommon trap: reason=bimorphic action=maybe_recompile pc=0x0000000003a9ce18 method=com.android.dx.cf.code.BytecodeArray.parseInstruction(ILcom/android/dx/cf/code/BytecodeArray$Visitor;)I @ 971
Event: 5.420 Thread 0x0000000003100800 Uncommon trap: reason=bimorphic action=maybe_recompile pc=0x0000000003b5b94c method=com.android.dx.cf.code.BytecodeArray.parseInstruction(ILcom/android/dx/cf/code/BytecodeArray$Visitor;)I @ 1035
Event: 5.420 Thread 0x0000000003100800 Uncommon trap: reason=bimorphic action=maybe_recompile pc=0x0000000003b5b7cc method=com.android.dx.cf.code.BytecodeArray.parseInstruction(ILcom/android/dx/cf/code/BytecodeArray$Visitor;)I @ 987
Event: 5.420 Thread 0x0000000003100800 Uncommon trap: reason=bimorphic action=maybe_recompile pc=0x0000000003b5b9cc method=com.android.dx.cf.code.BytecodeArray.parseInstruction(ILcom/android/dx/cf/code/BytecodeArray$Visitor;)I @ 1051
Event: 5.420 Thread 0x0000000003100800 Uncommon trap: reason=bimorphic action=maybe_recompile pc=0x0000000003b5b9cc method=com.android.dx.cf.code.BytecodeArray.parseInstruction(ILcom/android/dx/cf/code/BytecodeArray$Visitor;)I @ 1051
Event: 6.242 Thread 0x0000000017552800 Uncommon trap: reason=bimorphic action=maybe_recompile pc=0x0000000003b8d0d0 method=com.android.dx.cf.code.BytecodeArray.parseInstruction(ILcom/android/dx/cf/code/BytecodeArray$Visitor;)I @ 1287
Event: 6.242 Thread 0x0000000017552800 Uncommon trap: reason=bimorphic action=maybe_recompile pc=0x0000000003b8d0d0 method=com.android.dx.cf.code.BytecodeArray.parseInstruction(ILcom/android/dx/cf/code/BytecodeArray$Visitor;)I @ 1287

Internal exceptions (8 events):
Event: 0.029 Thread 0x0000000003100800 Exception <a 'java/lang/NoSuchMethodError': Method sun.misc.Unsafe.defineClass(Ljava/lang/String;[BII)Ljava/lang/Class; name or signature does not match> (0x00000000eab0d710) thrown at [C:\workspace\8-2-build-windows-amd64-cygwin\jdk8u65\4987\hotspot\src\sÿ:ÃŒVù?
Event: 0.029 Thread 0x0000000003100800 Exception <a 'java/lang/NoSuchMethodError': Method sun.misc.Unsafe.prefetchRead(Ljava/lang/Object;J)V name or signature does not match> (0x00000000eab0d9f8) thrown at [C:\workspace\8-2-build-windows-amd64-cygwin\jdk8u65\4987\hotspot\src\share\vm\prims\jni.FÚ¬]ﬂ?
Event: 0.490 Thread 0x0000000003100800 Implicit null exception at 0x0000000003515ce2 to 0x0000000003515dda
Event: 0.879 Thread 0x00000000174df000 Implicit null exception at 0x000000000350c734 to 0x000000000350dec5
Event: 2.847 Thread 0x0000000003100800 Implicit null exception at 0x000000000386f612 to 0x0000000003870ab5
Event: 3.382 Thread 0x00000000174de000 Exception <a 'java/lang/ArrayIndexOutOfBoundsException': 18> (0x00000000efd66dd0) thrown at [C:\workspace\8-2-build-windows-amd64-cygwin\jdk8u65\4987\hotspot\src\share\vm\interpreter\interpreterRuntime.cpp, line 366]
Event: 3.383 Thread 0x00000000174de000 Exception <a 'java/lang/ArrayIndexOutOfBoundsException'> (0x00000000efd68950) thrown at [C:\workspace\8-2-build-windows-amd64-cygwin\jdk8u65\4987\hotspot\src\share\vm\runtime\sharedRuntime.cpp, line 605]
Event: 3.383 Thread 0x00000000174de000 Exception <a 'java/lang/ArrayIndexOutOfBoundsException'> (0x00000000efd69c38) thrown at [C:\workspace\8-2-build-windows-amd64-cygwin\jdk8u65\4987\hotspot\src\share\vm\runtime\sharedRuntime.cpp, line 605]

Events (10 events):
Event: 6.232 Thread 0x0000000017552800 DEOPT PACKING pc=0x00000000036e8a15 sp=0x0000000017d2ec60
Event: 6.232 Thread 0x0000000017552800 DEOPT UNPACKING pc=0x000000000324787f sp=0x0000000017d2e9c0 mode 0
Event: 6.239 Thread 0x0000000017552800 DEOPT PACKING pc=0x00000000036d0717 sp=0x0000000017d2ed70
Event: 6.239 Thread 0x0000000017552800 DEOPT UNPACKING pc=0x000000000324787f sp=0x0000000017d2eb58 mode 0
Event: 6.242 Thread 0x0000000017552800 Uncommon trap: trap_request=0xffffffc6 fr.pc=0x0000000003b8d0d0
Event: 6.242 Thread 0x0000000017552800 DEOPT PACKING pc=0x0000000003b8d0d0 sp=0x0000000017d2ea90
Event: 6.242 Thread 0x0000000017552800 DEOPT UNPACKING pc=0x000000000324582a sp=0x0000000017d2ea58 mode 2
Event: 6.242 Thread 0x0000000017552800 Uncommon trap: trap_request=0xffffffc6 fr.pc=0x0000000003b8d0d0
Event: 6.242 Thread 0x0000000017552800 DEOPT PACKING pc=0x0000000003b8d0d0 sp=0x0000000017d2e8f0
Event: 6.242 Thread 0x0000000017552800 DEOPT UNPACKING pc=0x000000000324582a sp=0x0000000017d2e8b8 mode 2


Dynamic libraries:
0x00007ff6937b0000 - 0x00007ff6937e7000 	C:\Program Files\Java\jdk1.8.0_65\bin\java.exe
0x00007ffac49d0000 - 0x00007ffac4ba1000 	C:\WINDOWS\SYSTEM32\ntdll.dll
0x00007ffac1fa0000 - 0x00007ffac204b000 	C:\WINDOWS\System32\KERNEL32.DLL
0x00007ffac17a0000 - 0x00007ffac19bd000 	C:\WINDOWS\System32\KERNELBASE.dll
0x00007ffac4090000 - 0x00007ffac4132000 	C:\WINDOWS\System32\ADVAPI32.dll
0x00007ffac39d0000 - 0x00007ffac3a6e000 	C:\WINDOWS\System32\msvcrt.dll
0x00007ffac4910000 - 0x00007ffac4969000 	C:\WINDOWS\System32\sechost.dll
0x00007ffac38a0000 - 0x00007ffac39c1000 	C:\WINDOWS\System32\RPCRT4.dll
0x00007ffac47a0000 - 0x00007ffac4905000 	C:\WINDOWS\System32\USER32.dll
0x00007ffac1f40000 - 0x00007ffac1f5e000 	C:\WINDOWS\System32\win32u.dll
0x00007ffac1f60000 - 0x00007ffac1f94000 	C:\WINDOWS\System32\GDI32.dll
0x00007ffac1d40000 - 0x00007ffac1ec2000 	C:\WINDOWS\System32\gdi32full.dll
0x00007ffab7db0000 - 0x00007ffab8029000 	C:\WINDOWS\WinSxS\amd64_microsoft.windows.common-controls_6595b64144ccf1df_6.0.14393.0_none_2d0f50fcbdb171b8\COMCTL32.dll
0x00007ffac4250000 - 0x00007ffac4517000 	C:\WINDOWS\System32\combase.dll
0x00007ffac19c0000 - 0x00007ffac1ab5000 	C:\WINDOWS\System32\ucrtbase.dll
0x00007ffac1ed0000 - 0x00007ffac1f3a000 	C:\WINDOWS\System32\bcryptPrimitives.dll
0x00007ffac4210000 - 0x00007ffac423e000 	C:\WINDOWS\System32\IMM32.DLL
0x000000005a430000 - 0x000000005a502000 	C:\Program Files\Java\jdk1.8.0_65\jre\bin\msvcr100.dll
0x000000005a5c0000 - 0x000000005ae49000 	C:\Program Files\Java\jdk1.8.0_65\jre\bin\server\jvm.dll
0x00007ffac4520000 - 0x00007ffac4528000 	C:\WINDOWS\System32\PSAPI.DLL
0x00007ffaba5f0000 - 0x00007ffaba5f9000 	C:\WINDOWS\SYSTEM32\WSOCK32.dll
0x00007ffac3a70000 - 0x00007ffac3ada000 	C:\WINDOWS\System32\WS2_32.dll
0x00007ffabf160000 - 0x00007ffabf183000 	C:\WINDOWS\SYSTEM32\WINMM.dll
0x00007ffabc750000 - 0x00007ffabc75a000 	C:\WINDOWS\SYSTEM32\VERSION.dll
0x00007ffabf100000 - 0x00007ffabf12b000 	C:\WINDOWS\SYSTEM32\WINMMBASE.dll
0x00007ffac15a0000 - 0x00007ffac15e2000 	C:\WINDOWS\System32\cfgmgr32.dll
0x000000005b460000 - 0x000000005b46f000 	C:\Program Files\Java\jdk1.8.0_65\jre\bin\verify.dll
0x000000005b430000 - 0x000000005b459000 	C:\Program Files\Java\jdk1.8.0_65\jre\bin\java.dll
0x000000005b410000 - 0x000000005b426000 	C:\Program Files\Java\jdk1.8.0_65\jre\bin\zip.dll
0x00007ffac2390000 - 0x00007ffac3898000 	C:\WINDOWS\System32\SHELL32.dll
0x00007ffac0ec0000 - 0x00007ffac159a000 	C:\WINDOWS\System32\windows.storage.dll
0x00007ffac0e30000 - 0x00007ffac0e7c000 	C:\WINDOWS\System32\powrprof.dll
0x00007ffac4970000 - 0x00007ffac49c2000 	C:\WINDOWS\System32\shlwapi.dll
0x00007ffac0e80000 - 0x00007ffac0e8f000 	C:\WINDOWS\System32\kernel.appcore.dll
0x00007ffac1ac0000 - 0x00007ffac1b69000 	C:\WINDOWS\System32\shcore.dll
0x00007ffac0e90000 - 0x00007ffac0ea4000 	C:\WINDOWS\System32\profapi.dll

VM Arguments:
jvm_args: -Djava.awt.headless=true -Xmx1024M -Dfile.encoding=windows-1252 -Duser.country=DE -Duser.language=de -Duser.variant 
java_command: com.android.dx.command.Main --dex --force-jumbo --num-threads=4 --output C:\Users\Max\AndroidStudioProjects\StudyLA\StudyLA\app\build\intermediates\pre-dexed\debug\com.android.support-support-v4-24.0.0_155327e24b2c0e4cefc3a737488d84e1702fa8ed.jar C:\Users\Max\AndroidStudioProjects\StudyLA\StudyLA\app\build\intermediates\exploded-aar\com.android.support\support-v4\24.0.0\jars\classes.jar
java_class_path (initial): C:\Users\Max\AppData\Local\Android\sdk\build-tools\24.0.0\lib\dx.jar
Launcher Type: SUN_STANDARD

Environment Variables:
JAVA_HOME=C:\Program Files\Java\jdk1.8.0_65
PATH=C:\Program Files (x86)\NVIDIA Corporation\PhysX\Common;C:\ProgramData\Oracle\Java\javapath;C:\WINDOWS\system32;C:\WINDOWS;C:\WINDOWS\System32\Wbem;C:\WINDOWS\System32\WindowsPowerShell\v1.0\;C:\Program Files (x86)\AMD\ATI.ACE\Core-Static;C:\Program Files (x86)\ATI Technologies\ATI.ACE\Core-Static;C:\Program Files (x86)\Windows Kits\8.1\Windows Performance Toolkit\;C:\Program Files\Git\cmd;C:\WINDOWS\system32\config\systemprofile\.dnx\bin;C:\Program Files\Microsoft DNX\Dnvm\;C:\Program Files\Microsoft SQL Server\120\Tools\Binn\;C:\Program Files (x86)\Windows Live\Shared;C:\Users\Max\AppData\Local\Programs\Python\Python35-32\Scripts\;C:\Users\Max\AppData\Local\Programs\Python\Python35-32\;%USERPROFILE%\AppData\Local\Microsoft\WindowsApps;
USERNAME=Max
OS=Windows_NT
PROCESSOR_IDENTIFIER=Intel64 Family 6 Model 60 Stepping 3, GenuineIntel



---------------  S Y S T E M  ---------------

OS: Windows 10.0 , 64 bit Build 14393 (10.0.14393.0)

CPU:total 4 (4 cores per cpu, 1 threads per core) family 6 model 60 stepping 3, cmov, cx8, fxsr, mmx, sse, sse2, sse3, ssse3, sse4.1, sse4.2, popcnt, avx, avx2, aes, clmul, erms, lzcnt, tsc, tscinvbit, bmi1, bmi2

Memory: 4k page, physical 8264344k(718480k free), swap 10949360k(5780k free)

vm_info: Java HotSpot(TM) 64-Bit Server VM (25.65-b01) for windows-amd64 JRE (1.8.0_65-b17), built on Oct  6 2015 16:39:20 by "java_re" with MS VC++ 10.0 (VS2010)

time: Tue Oct 25 14:50:26 2016
elapsed time: 6 seconds (0d 0h 0m 6s)

