#
# There is insufficient memory for the Java Runtime Environment to continue.
# Native memory allocation (malloc) failed to allocate 1696496 bytes for Chunk::new
# Possible reasons:
#   The system is out of physical RAM or swap space
#   In 32 bit mode, the process size limit was hit
# Possible solutions:
#   Reduce memory load on the system
#   Increase physical memory or swap space
#   Check if swap backing store is full
#   Use 64 bit Java on a 64 bit OS
#   Decrease Java heap size (-Xmx/-Xms)
#   Decrease number of Java threads
#   Decrease Java thread stack sizes (-Xss)
#   Set larger code cache with -XX:ReservedCodeCacheSize=
# This output file may be truncated or incomplete.
#
#  Out of Memory Error (allocation.cpp:390), pid=6184, tid=8448
#
# JRE version: Java(TM) SE Runtime Environment (8.0_65-b17) (build 1.8.0_65-b17)
# Java VM: Java HotSpot(TM) 64-Bit Server VM (25.65-b01 mixed mode windows-amd64 compressed oops)
# Failed to write core dump. Minidumps are not enabled by default on client versions of Windows
#

---------------  T H R E A D  ---------------

Current thread (0x0000000014bd9800):  JavaThread "C2 CompilerThread0" daemon [_thread_in_native, id=8448, stack(0x0000000016270000,0x0000000016370000)]

Stack: [0x0000000016270000,0x0000000016370000]
[error occurred during error reporting (printing stack bounds), id 0xc0000005]

Native frames: (J=compiled Java code, j=interpreted, Vv=VM code, C=native code)


Current CompileTask:
C2:   6541 1683   !   4       com.android.dx.cf.code.BytecodeArray::parseInstruction (2764 bytes)


---------------  P R O C E S S  ---------------

Java Threads: ( => current thread )
  0x00000000166fc800 JavaThread "pool-1-thread-4" [_thread_in_Java, id=10224, stack(0x0000000016f70000,0x0000000017070000)]
  0x00000000166fc000 JavaThread "pool-1-thread-3" [_thread_in_Java, id=7776, stack(0x0000000016e70000,0x0000000016f70000)]
  0x00000000166fb000 JavaThread "pool-1-thread-2" [_thread_in_Java, id=7496, stack(0x0000000016d70000,0x0000000016e70000)]
  0x00000000166f1000 JavaThread "pool-2-thread-1" [_thread_blocked, id=5352, stack(0x0000000016c70000,0x0000000016d70000)]
  0x00000000166f0800 JavaThread "pool-1-thread-1" [_thread_in_Java, id=6036, stack(0x0000000016b70000,0x0000000016c70000)]
  0x0000000016486000 JavaThread "Service Thread" daemon [_thread_blocked, id=2096, stack(0x0000000016970000,0x0000000016a70000)]
  0x0000000016480800 JavaThread "C1 CompilerThread2" daemon [_thread_blocked, id=8572, stack(0x0000000016870000,0x0000000016970000)]
  0x0000000014be1000 JavaThread "C2 CompilerThread1" daemon [_thread_in_native, id=7500, stack(0x0000000016370000,0x0000000016470000)]
=>0x0000000014bd9800 JavaThread "C2 CompilerThread0" daemon [_thread_in_native, id=8448, stack(0x0000000016270000,0x0000000016370000)]
  0x0000000014bd7800 JavaThread "Attach Listener" daemon [_thread_blocked, id=4336, stack(0x0000000016170000,0x0000000016270000)]
  0x0000000014bd6000 JavaThread "Signal Dispatcher" daemon [_thread_blocked, id=9192, stack(0x0000000016070000,0x0000000016170000)]
  0x0000000002500800 JavaThread "Finalizer" daemon [_thread_blocked, id=8160, stack(0x0000000015e60000,0x0000000015f60000)]
  0x00000000024fd000 JavaThread "Reference Handler" daemon [_thread_blocked, id=5784, stack(0x0000000015d60000,0x0000000015e60000)]
  0x0000000002410800 JavaThread "main" [_thread_in_Java, id=6560, stack(0x00000000021a0000,0x00000000022a0000)]

Other Threads:
  0x0000000014ba8000 VMThread [stack: 0x0000000015c60000,0x0000000015d60000] [id=6848]
  0x0000000016491800 WatcherThread [stack: 0x0000000016a70000,0x0000000016b70000] [id=4360]

VM state:not at safepoint (normal execution)

VM Mutex/Monitor currently owned by a thread: None

Heap:
 PSYoungGen      total 71680K, used 56525K [0x00000000eab00000, 0x00000000ef600000, 0x0000000100000000)
  eden space 66560K, 77% used [0x00000000eab00000,0x00000000edd35128,0x00000000eec00000)
  from space 5120K, 99% used [0x00000000ef100000,0x00000000ef5fe568,0x00000000ef600000)
  to   space 5120K, 0% used [0x00000000eec00000,0x00000000eec00000,0x00000000ef100000)
 ParOldGen       total 87552K, used 5065K [0x00000000c0000000, 0x00000000c5580000, 0x00000000eab00000)
  object space 87552K, 5% used [0x00000000c0000000,0x00000000c04f2510,0x00000000c5580000)
 Metaspace       used 6298K, capacity 7152K, committed 7296K, reserved 1056768K
  class space    used 602K, capacity 616K, committed 640K, reserved 1048576K

Card table byte_map: [0x00000000118d0000,0x0000000011ae0000] byte_map_base: 0x00000000112d0000

Marking Bits: (ParMarkBitMap*) 0x000000005adca5b0
 Begin Bits: [0x0000000012040000, 0x0000000013040000)
 End Bits:   [0x0000000013040000, 0x0000000014040000)

Polling page: 0x0000000000740000

CodeCache: size=245760Kb used=7462Kb max_used=7462Kb free=238297Kb
 bounds [0x0000000002510000, 0x0000000002c60000, 0x0000000011510000]
 total_blobs=2039 nmethods=1769 adapters=182
 compilation: enabled

Compilation events (10 events):
Event: 6.531 Thread 0x0000000016480800 1789       2       java.util.zip.InflaterInputStream::<init> (79 bytes)
Event: 6.532 Thread 0x0000000016480800 nmethod 1789 0x0000000002c52850 code [0x0000000002c529e0, 0x0000000002c52ed8]
Event: 6.533 Thread 0x0000000016480800 1790   !   2       com.android.dx.cf.direct.MemberListParser::parse (641 bytes)
Event: 6.536 Thread 0x0000000016480800 nmethod 1790 0x0000000002c530d0 code [0x0000000002c53820, 0x0000000002c56418]
Event: 6.536 Thread 0x0000000016480800 1791       2       com.android.dx.dex.cf.CfTranslator::coerceConstant (144 bytes)
Event: 6.537 Thread 0x0000000016480800 nmethod 1791 0x0000000002c5c1d0 code [0x0000000002c5c400, 0x0000000002c5cb08]
Event: 6.537 Thread 0x0000000016480800 1792       2       com.android.dx.dex.file.ClassDefItem::addInstanceField (9 bytes)
Event: 6.537 Thread 0x0000000016480800 nmethod 1792 0x0000000002c5d0d0 code [0x0000000002c5d260, 0x0000000002c5d598]
Event: 6.537 Thread 0x0000000016480800 1793       2       java.util.Collections$UnmodifiableList::get (11 bytes)
Event: 6.537 Thread 0x0000000016480800 nmethod 1793 0x0000000002c5d850 code [0x0000000002c5d9c0, 0x0000000002c5db48]

GC Heap History (4 events):
Event: 5.466 GC heap before
{Heap before GC invocations=1 (full 0):
 PSYoungGen      total 38400K, used 33280K [0x00000000eab00000, 0x00000000ed580000, 0x0000000100000000)
  eden space 33280K, 100% used [0x00000000eab00000,0x00000000ecb80000,0x00000000ecb80000)
  from space 5120K, 0% used [0x00000000ed080000,0x00000000ed080000,0x00000000ed580000)
  to   space 5120K, 0% used [0x00000000ecb80000,0x00000000ecb80000,0x00000000ed080000)
 ParOldGen       total 87552K, used 0K [0x00000000c0000000, 0x00000000c5580000, 0x00000000eab00000)
  object space 87552K, 0% used [0x00000000c0000000,0x00000000c0000000,0x00000000c5580000)
 Metaspace       used 6035K, capacity 6896K, committed 7040K, reserved 1056768K
  class space    used 600K, capacity 616K, committed 640K, reserved 1048576K
Event: 5.559 GC heap after
Heap after GC invocations=1 (full 0):
 PSYoungGen      total 38400K, used 5090K [0x00000000eab00000, 0x00000000ef600000, 0x0000000100000000)
  eden space 33280K, 0% used [0x00000000eab00000,0x00000000eab00000,0x00000000ecb80000)
  from space 5120K, 99% used [0x00000000ecb80000,0x00000000ed078be8,0x00000000ed080000)
  to   space 5120K, 0% used [0x00000000ef100000,0x00000000ef100000,0x00000000ef600000)
 ParOldGen       total 87552K, used 1584K [0x00000000c0000000, 0x00000000c5580000, 0x00000000eab00000)
  object space 87552K, 1% used [0x00000000c0000000,0x00000000c018c190,0x00000000c5580000)
 Metaspace       used 6035K, capacity 6896K, committed 7040K, reserved 1056768K
  class space    used 600K, capacity 616K, committed 640K, reserved 1048576K
}
Event: 5.810 GC heap before
{Heap before GC invocations=2 (full 0):
 PSYoungGen      total 38400K, used 38370K [0x00000000eab00000, 0x00000000ef600000, 0x0000000100000000)
  eden space 33280K, 100% used [0x00000000eab00000,0x00000000ecb80000,0x00000000ecb80000)
  from space 5120K, 99% used [0x00000000ecb80000,0x00000000ed078be8,0x00000000ed080000)
  to   space 5120K, 0% used [0x00000000ef100000,0x00000000ef100000,0x00000000ef600000)
 ParOldGen       total 87552K, used 1584K [0x00000000c0000000, 0x00000000c5580000, 0x00000000eab00000)
  object space 87552K, 1% used [0x00000000c0000000,0x00000000c018c190,0x00000000c5580000)
 Metaspace       used 6220K, capacity 7088K, committed 7296K, reserved 1056768K
  class space    used 601K, capacity 616K, committed 640K, reserved 1048576K
Event: 5.828 GC heap after
Heap after GC invocations=2 (full 0):
 PSYoungGen      total 71680K, used 5113K [0x00000000eab00000, 0x00000000ef600000, 0x0000000100000000)
  eden space 66560K, 0% used [0x00000000eab00000,0x00000000eab00000,0x00000000eec00000)
  from space 5120K, 99% used [0x00000000ef100000,0x00000000ef5fe568,0x00000000ef600000)
  to   space 5120K, 0% used [0x00000000eec00000,0x00000000eec00000,0x00000000ef100000)
 ParOldGen       total 87552K, used 5065K [0x00000000c0000000, 0x00000000c5580000, 0x00000000eab00000)
  object space 87552K, 5% used [0x00000000c0000000,0x00000000c04f2510,0x00000000c5580000)
 Metaspace       used 6220K, capacity 7088K, committed 7296K, reserved 1056768K
  class space    used 601K, capacity 616K, committed 640K, reserved 1048576K
}

Deoptimization events (10 events):
Event: 6.445 Thread 0x00000000166fc000 Uncommon trap: reason=bimorphic action=maybe_recompile pc=0x0000000002b626bc method=com.android.dx.cf.code.BytecodeArray.parseInstruction(ILcom/android/dx/cf/code/BytecodeArray$Visitor;)I @ 2484
Event: 6.445 Thread 0x00000000166fc000 Uncommon trap: reason=bimorphic action=maybe_recompile pc=0x0000000002b626bc method=com.android.dx.cf.code.BytecodeArray.parseInstruction(ILcom/android/dx/cf/code/BytecodeArray$Visitor;)I @ 2484
Event: 6.448 Thread 0x00000000166fc000 Uncommon trap: reason=unstable_if action=reinterpret pc=0x0000000002a65c50 method=com.android.dx.ssa.SsaRenamer$BlockRenamer.addMapping(ILcom/android/dx/rop/code/RegisterSpec;)V @ 120
Event: 6.466 Thread 0x00000000166fc000 Uncommon trap: reason=unstable_if action=reinterpret pc=0x0000000002a604cc method=com.android.dx.ssa.MoveParamCombiner$1.visitNonMoveInsn(Lcom/android/dx/ssa/NormalSsaInsn;)V @ 27
Event: 6.484 Thread 0x00000000166fc800 Uncommon trap: reason=unstable_if action=reinterpret pc=0x0000000002b78518 method=com.android.dx.rop.code.RegisterSpec.equals(ILcom/android/dx/rop/type/TypeBearer;Lcom/android/dx/rop/code/LocalItem;)Z @ 42
Event: 6.493 Thread 0x00000000166fc800 Uncommon trap: reason=unstable_if action=reinterpret pc=0x0000000002ad3654 method=com.android.dx.rop.code.RegisterSpecSet.<init>(I)V @ 2
Event: 6.495 Thread 0x00000000166fc800 Uncommon trap: reason=unstable_if action=reinterpret pc=0x0000000002ba6054 method=com.android.dx.dex.code.OutputFinisher.hasLocalInfo(Lcom/android/dx/dex/code/DalvInsn;)Z @ 24
Event: 6.506 Thread 0x00000000166fc800 Uncommon trap: reason=bimorphic action=maybe_recompile pc=0x0000000002734e58 method=java.util.HashMap.getNode(ILjava/lang/Object;)Ljava/util/HashMap$Node; @ 126
Event: 6.506 Thread 0x00000000166fc800 Uncommon trap: reason=class_check action=maybe_recompile pc=0x00000000027c1f0c method=java.util.HashMap.putVal(ILjava/lang/Object;Ljava/lang/Object;ZZ)Ljava/lang/Object; @ 203
Event: 6.506 Thread 0x00000000166fc800 Uncommon trap: reason=bimorphic action=maybe_recompile pc=0x0000000002734e58 method=java.util.HashMap.getNode(ILjava/lang/Object;)Ljava/util/HashMap$Node; @ 126

Internal exceptions (2 events):
Event: 0.056 Thread 0x0000000002410800 Exception <a 'java/lang/NoSuchMethodError': Method sun.misc.Unsafe.defineClass(Ljava/lang/String;[BII)Ljava/lang/Class; name or signature does not match> (0x00000000eab0d8b8) thrown at [C:\workspace\8-2-build-windows-amd64-cygwin\jdk8u65\4987\hotspot\src\sS#П▀}ум?
Event: 0.056 Thread 0x0000000002410800 Exception <a 'java/lang/NoSuchMethodError': Method sun.misc.Unsafe.prefetchRead(Ljava/lang/Object;J)V name or signature does not match> (0x00000000eab0dba0) thrown at [C:\workspace\8-2-build-windows-amd64-cygwin\jdk8u65\4987\hotspot\src\share\vm\prims\jni.

Events (10 events):
Event: 6.527 Thread 0x0000000002410800 DEOPT PACKING pc=0x0000000002c2ce52 sp=0x000000000229e4d0
Event: 6.527 Thread 0x0000000002410800 DEOPT UNPACKING pc=0x000000000255787f sp=0x000000000229e228 mode 0
Event: 6.529 Thread 0x0000000002410800 DEOPT PACKING pc=0x0000000002c2ce52 sp=0x000000000229e660
Event: 6.529 Thread 0x0000000002410800 DEOPT UNPACKING pc=0x000000000255787f sp=0x000000000229e3b8 mode 0
Event: 6.532 Thread 0x00000000166f0800 DEOPT PACKING pc=0x0000000002c2ce52 sp=0x0000000016c6e570
Event: 6.532 Thread 0x00000000166f0800 DEOPT UNPACKING pc=0x000000000255787f sp=0x0000000016c6e2c8 mode 0
Event: 6.535 Thread 0x0000000002410800 DEOPT PACKING pc=0x0000000002c2ce52 sp=0x000000000229e4d0
Event: 6.535 Thread 0x0000000002410800 DEOPT UNPACKING pc=0x000000000255787f sp=0x000000000229e228 mode 0
Event: 6.538 Thread 0x0000000002410800 DEOPT PACKING pc=0x0000000002c2ce52 sp=0x000000000229e440
Event: 6.538 Thread 0x0000000002410800 DEOPT UNPACKING pc=0x000000000255787f sp=0x000000000229e198 mode 0


Dynamic libraries:
0x00007ff6937b0000 - 0x00007ff6937e7000 	C:\Program Files\Java\jdk1.8.0_65\bin\java.exe
0x00007ffac49d0000 - 0x00007ffac4ba1000 	C:\WINDOWS\SYSTEM32\ntdll.dll
0x00007ffac1fa0000 - 0x00007ffac204b000 	C:\WINDOWS\System32\KERNEL32.DLL
0x00007ffac17a0000 - 0x00007ffac19bd000 	C:\WINDOWS\System32\KERNELBASE.dll
0x00007ffac4090000 - 0x00007ffac4132000 	C:\WINDOWS\System32\ADVAPI32.dll
0x00007ffac39d0000 - 0x00007ffac3a6e000 	C:\WINDOWS\System32\msvcrt.dll
0x00007ffac4910000 - 0x00007ffac4969000 	C:\WINDOWS\System32\sechost.dll
0x00007ffac38a0000 - 0x00007ffac39c1000 	C:\WINDOWS\System32\RPCRT4.dll
0x00007ffac47a0000 - 0x00007ffac4905000 	C:\WINDOWS\System32\USER32.dll
0x00007ffac1f40000 - 0x00007ffac1f5e000 	C:\WINDOWS\System32\win32u.dll
0x00007ffac1f60000 - 0x00007ffac1f94000 	C:\WINDOWS\System32\GDI32.dll
0x00007ffac1d40000 - 0x00007ffac1ec2000 	C:\WINDOWS\System32\gdi32full.dll
0x00007ffab7db0000 - 0x00007ffab8029000 	C:\WINDOWS\WinSxS\amd64_microsoft.windows.common-controls_6595b64144ccf1df_6.0.14393.0_none_2d0f50fcbdb171b8\COMCTL32.dll
0x00007ffac4250000 - 0x00007ffac4517000 	C:\WINDOWS\System32\combase.dll
0x00007ffac19c0000 - 0x00007ffac1ab5000 	C:\WINDOWS\System32\ucrtbase.dll
0x00007ffac1ed0000 - 0x00007ffac1f3a000 	C:\WINDOWS\System32\bcryptPrimitives.dll
0x00007ffac4210000 - 0x00007ffac423e000 	C:\WINDOWS\System32\IMM32.DLL
0x000000005a430000 - 0x000000005a502000 	C:\Program Files\Java\jdk1.8.0_65\jre\bin\msvcr100.dll
0x000000005a5c0000 - 0x000000005ae49000 	C:\Program Files\Java\jdk1.8.0_65\jre\bin\server\jvm.dll
0x00007ffac4520000 - 0x00007ffac4528000 	C:\WINDOWS\System32\PSAPI.DLL
0x00007ffaba5f0000 - 0x00007ffaba5f9000 	C:\WINDOWS\SYSTEM32\WSOCK32.dll
0x00007ffac3a70000 - 0x00007ffac3ada000 	C:\WINDOWS\System32\WS2_32.dll
0x00007ffabf160000 - 0x00007ffabf183000 	C:\WINDOWS\SYSTEM32\WINMM.dll
0x00007ffabc750000 - 0x00007ffabc75a000 	C:\WINDOWS\SYSTEM32\VERSION.dll
0x00007ffabf100000 - 0x00007ffabf12b000 	C:\WINDOWS\SYSTEM32\WINMMBASE.dll
0x00007ffac15a0000 - 0x00007ffac15e2000 	C:\WINDOWS\System32\cfgmgr32.dll
0x000000005b460000 - 0x000000005b46f000 	C:\Program Files\Java\jdk1.8.0_65\jre\bin\verify.dll
0x000000005b430000 - 0x000000005b459000 	C:\Program Files\Java\jdk1.8.0_65\jre\bin\java.dll
0x000000005b410000 - 0x000000005b426000 	C:\Program Files\Java\jdk1.8.0_65\jre\bin\zip.dll
0x00007ffac2390000 - 0x00007ffac3898000 	C:\WINDOWS\System32\SHELL32.dll
0x00007ffac0ec0000 - 0x00007ffac159a000 	C:\WINDOWS\System32\windows.storage.dll
0x00007ffac0e30000 - 0x00007ffac0e7c000 	C:\WINDOWS\System32\powrprof.dll
0x00007ffac4970000 - 0x00007ffac49c2000 	C:\WINDOWS\System32\shlwapi.dll
0x00007ffac0e80000 - 0x00007ffac0e8f000 	C:\WINDOWS\System32\kernel.appcore.dll
0x00007ffac1ac0000 - 0x00007ffac1b69000 	C:\WINDOWS\System32\shcore.dll
0x00007ffac0e90000 - 0x00007ffac0ea4000 	C:\WINDOWS\System32\profapi.dll

VM Arguments:
jvm_args: -Djava.awt.headless=true -Xmx1024M -Dfile.encoding=windows-1252 -Duser.country=DE -Duser.language=de -Duser.variant 
java_command: com.android.dx.command.Main --dex --force-jumbo --num-threads=4 --output C:\Users\Max\AndroidStudioProjects\StudyLA\StudyLA\app\build\intermediates\pre-dexed\debug\com.facebook.android-facebook-android-sdk-4.16.1_f0104dfc81d6145ea0ba8d44a78783125ecbe3f7.jar C:\Users\Max\AndroidStudioProjects\StudyLA\StudyLA\app\build\intermediates\exploded-aar\com.facebook.android\facebook-android-sdk\4.16.1\jars\classes.jar
java_class_path (initial): C:\Users\Max\AppData\Local\Android\sdk\build-tools\24.0.0\lib\dx.jar
Launcher Type: SUN_STANDARD

Environment Variables:
JAVA_HOME=C:\Program Files\Java\jdk1.8.0_65
PATH=C:\Program Files (x86)\NVIDIA Corporation\PhysX\Common;C:\ProgramData\Oracle\Java\javapath;C:\WINDOWS\system32;C:\WINDOWS;C:\WINDOWS\System32\Wbem;C:\WINDOWS\System32\WindowsPowerShell\v1.0\;C:\Program Files (x86)\AMD\ATI.ACE\Core-Static;C:\Program Files (x86)\ATI Technologies\ATI.ACE\Core-Static;C:\Program Files (x86)\Windows Kits\8.1\Windows Performance Toolkit\;C:\Program Files\Git\cmd;C:\WINDOWS\system32\config\systemprofile\.dnx\bin;C:\Program Files\Microsoft DNX\Dnvm\;C:\Program Files\Microsoft SQL Server\120\Tools\Binn\;C:\Program Files (x86)\Windows Live\Shared;C:\Users\Max\AppData\Local\Programs\Python\Python35-32\Scripts\;C:\Users\Max\AppData\Local\Programs\Python\Python35-32\;%USERPROFILE%\AppData\Local\Microsoft\WindowsApps;
USERNAME=Max
OS=Windows_NT
PROCESSOR_IDENTIFIER=Intel64 Family 6 Model 60 Stepping 3, GenuineIntel



---------------  S Y S T E M  ---------------

OS: Windows 10.0 , 64 bit Build 14393 (10.0.14393.0)

CPU:total 4 (4 cores per cpu, 1 threads per core) family 6 model 60 stepping 3, cmov, cx8, fxsr, mmx, sse, sse2, sse3, ssse3, sse4.1, sse4.2, popcnt, avx, avx2, aes, clmul, erms, lzcnt, tsc, tscinvbit, bmi1, bmi2

Memory: 4k page, physical 8264344k(716952k free), swap 10949360k(28956k free)

vm_info: Java HotSpot(TM) 64-Bit Server VM (25.65-b01) for windows-amd64 JRE (1.8.0_65-b17), built on Oct  6 2015 16:39:20 by "java_re" with MS VC++ 10.0 (VS2010)

time: Tue Oct 25 14:50:26 2016
elapsed time: 6 seconds (0d 0h 0m 6s)

