#
# There is insufficient memory for the Java Runtime Environment to continue.
# Native memory allocation (malloc) failed to allocate 402064 bytes for Chunk::new
# Possible reasons:
#   The system is out of physical RAM or swap space
#   In 32 bit mode, the process size limit was hit
# Possible solutions:
#   Reduce memory load on the system
#   Increase physical memory or swap space
#   Check if swap backing store is full
#   Use 64 bit Java on a 64 bit OS
#   Decrease Java heap size (-Xmx/-Xms)
#   Decrease number of Java threads
#   Decrease Java thread stack sizes (-Xss)
#   Set larger code cache with -XX:ReservedCodeCacheSize=
# This output file may be truncated or incomplete.
#
#  Out of Memory Error (allocation.cpp:390), pid=1548, tid=2144
#
# JRE version: Java(TM) SE Runtime Environment (8.0_65-b17) (build 1.8.0_65-b17)
# Java VM: Java HotSpot(TM) 64-Bit Server VM (25.65-b01 mixed mode windows-amd64 compressed oops)
# Failed to write core dump. Minidumps are not enabled by default on client versions of Windows
#

---------------  T H R E A D  ---------------

Current thread (0x0000000015007800):  JavaThread "C2 CompilerThread0" daemon [_thread_in_native, id=2144, stack(0x0000000016680000,0x0000000016780000)]

Stack: [0x0000000016680000,0x0000000016780000]
[error occurred during error reporting (printing stack bounds), id 0xc0000005]

Native frames: (J=compiled Java code, j=interpreted, Vv=VM code, C=native code)


Current CompileTask:
C2:  10058 2429       4       com.android.dx.cf.code.Simulator$SimVisitor::visitLocal (329 bytes)


---------------  P R O C E S S  ---------------

Java Threads: ( => current thread )
  0x0000000016985800 JavaThread "Service Thread" daemon [_thread_blocked, id=4576, stack(0x0000000016d80000,0x0000000016e80000)]
  0x0000000015069000 JavaThread "C1 CompilerThread2" daemon [_thread_blocked, id=868, stack(0x0000000016880000,0x0000000016980000)]
  0x0000000015010000 JavaThread "C2 CompilerThread1" daemon [_thread_in_native, id=5008, stack(0x0000000016780000,0x0000000016880000)]
=>0x0000000015007800 JavaThread "C2 CompilerThread0" daemon [_thread_in_native, id=2144, stack(0x0000000016680000,0x0000000016780000)]
  0x0000000015005800 JavaThread "Attach Listener" daemon [_thread_blocked, id=5212, stack(0x0000000016580000,0x0000000016680000)]
  0x0000000015004000 JavaThread "Signal Dispatcher" daemon [_thread_blocked, id=7912, stack(0x0000000016480000,0x0000000016580000)]
  0x0000000002930800 JavaThread "Finalizer" daemon [_thread_blocked, id=7096, stack(0x0000000016270000,0x0000000016370000)]
  0x000000000292d000 JavaThread "Reference Handler" daemon [_thread_blocked, id=1692, stack(0x0000000016170000,0x0000000016270000)]
  0x0000000002840800 JavaThread "main" [_thread_in_Java, id=7304, stack(0x0000000002620000,0x0000000002720000)]

Other Threads:
  0x0000000014fd8000 VMThread [stack: 0x0000000016070000,0x0000000016170000] [id=2348]
  0x000000001698a000 WatcherThread [stack: 0x0000000016e80000,0x0000000016f80000] [id=7536]

VM state:not at safepoint (normal execution)

VM Mutex/Monitor currently owned by a thread: None

Heap:
 PSYoungGen      total 293376K, used 123877K [0x00000000eab00000, 0x0000000100000000, 0x0000000100000000)
  eden space 251392K, 35% used [0x00000000eab00000,0x00000000f020dee0,0x00000000fa080000)
  from space 41984K, 82% used [0x00000000fa080000,0x00000000fc26b8a8,0x00000000fc980000)
  to   space 55808K, 0% used [0x00000000fc980000,0x00000000fc980000,0x0000000100000000)
 ParOldGen       total 172544K, used 87363K [0x00000000c0000000, 0x00000000ca880000, 0x00000000eab00000)
  object space 172544K, 50% used [0x00000000c0000000,0x00000000c5550d18,0x00000000ca880000)
 Metaspace       used 6665K, capacity 7320K, committed 7680K, reserved 1056768K
  class space    used 631K, capacity 656K, committed 768K, reserved 1048576K

Card table byte_map: [0x0000000011d00000,0x0000000011f10000] byte_map_base: 0x0000000011700000

Marking Bits: (ParMarkBitMap*) 0x000000005adca5b0
 Begin Bits: [0x0000000012470000, 0x0000000013470000)
 End Bits:   [0x0000000013470000, 0x0000000014470000)

Polling page: 0x0000000000e40000

CodeCache: size=245760Kb used=12105Kb max_used=12121Kb free=233654Kb
 bounds [0x0000000002940000, 0x0000000003530000, 0x0000000011940000]
 total_blobs=2711 nmethods=2441 adapters=182
 compilation: enabled

Compilation events (10 events):
Event: 10.006 Thread 0x0000000015007800 nmethod 2457 0x000000000350ecd0 code [0x000000000350ee20, 0x000000000350f0d8]
Event: 10.006 Thread 0x0000000015007800 2631       4       com.android.dx.dex.file.CodeItem::addContents (174 bytes)
Event: 10.013 Thread 0x0000000015069000 2633       3       com.android.dx.dex.code.StdCatchBuilder::getCatchTypes (97 bytes)
Event: 10.014 Thread 0x0000000015069000 nmethod 2633 0x00000000035187d0 code [0x0000000003518a60, 0x0000000003519d68]
Event: 10.017 Thread 0x0000000015069000 2634  s    3       com.android.dx.dex.file.TypeIdsSection::intern (62 bytes)
Event: 10.017 Thread 0x0000000015069000 nmethod 2634 0x0000000003503b50 code [0x0000000003503d60, 0x0000000003504948]
Event: 10.038 Thread 0x0000000015007800 nmethod 2631 0x000000000351d410 code [0x000000000351d6a0, 0x000000000351ebe0]
Event: 10.038 Thread 0x0000000015007800 2632       4       com.android.dx.rop.cst.CstString::equals (24 bytes)
Event: 10.039 Thread 0x0000000015007800 nmethod 2632 0x0000000003515250 code [0x00000000035153a0, 0x0000000003515518]
Event: 10.039 Thread 0x0000000015007800 2429       4       com.android.dx.cf.code.Simulator$SimVisitor::visitLocal (329 bytes)

GC Heap History (10 events):
Event: 3.942 GC heap before
{Heap before GC invocations=6 (full 0):
 PSYoungGen      total 71680K, used 71671K [0x00000000eab00000, 0x00000000f4f00000, 0x0000000100000000)
  eden space 66560K, 100% used [0x00000000eab00000,0x00000000eec00000,0x00000000eec00000)
  from space 5120K, 99% used [0x00000000eec00000,0x00000000ef0fdd60,0x00000000ef100000)
  to   space 17408K, 0% used [0x00000000f3e00000,0x00000000f3e00000,0x00000000f4f00000)
 ParOldGen       total 87552K, used 23754K [0x00000000c0000000, 0x00000000c5580000, 0x00000000eab00000)
  object space 87552K, 27% used [0x00000000c0000000,0x00000000c1732ad0,0x00000000c5580000)
 Metaspace       used 6520K, capacity 7256K, committed 7424K, reserved 1056768K
  class space    used 624K, capacity 656K, committed 768K, reserved 1048576K
Event: 3.989 GC heap after
Heap after GC invocations=6 (full 0):
 PSYoungGen      total 147968K, used 16151K [0x00000000eab00000, 0x00000000f5400000, 0x0000000100000000)
  eden space 130560K, 0% used [0x00000000eab00000,0x00000000eab00000,0x00000000f2a80000)
  from space 17408K, 92% used [0x00000000f3e00000,0x00000000f4dc5d60,0x00000000f4f00000)
  to   space 19968K, 0% used [0x00000000f2a80000,0x00000000f2a80000,0x00000000f3e00000)
 ParOldGen       total 87552K, used 23754K [0x00000000c0000000, 0x00000000c5580000, 0x00000000eab00000)
  object space 87552K, 27% used [0x00000000c0000000,0x00000000c1732ad0,0x00000000c5580000)
 Metaspace       used 6520K, capacity 7256K, committed 7424K, reserved 1056768K
  class space    used 624K, capacity 656K, committed 768K, reserved 1048576K
}
Event: 4.532 GC heap before
{Heap before GC invocations=7 (full 0):
 PSYoungGen      total 147968K, used 146711K [0x00000000eab00000, 0x00000000f5400000, 0x0000000100000000)
  eden space 130560K, 100% used [0x00000000eab00000,0x00000000f2a80000,0x00000000f2a80000)
  from space 17408K, 92% used [0x00000000f3e00000,0x00000000f4dc5d60,0x00000000f4f00000)
  to   space 19968K, 0% used [0x00000000f2a80000,0x00000000f2a80000,0x00000000f3e00000)
 ParOldGen       total 87552K, used 23754K [0x00000000c0000000, 0x00000000c5580000, 0x00000000eab00000)
  object space 87552K, 27% used [0x00000000c0000000,0x00000000c1732ad0,0x00000000c5580000)
 Metaspace       used 6544K, capacity 7256K, committed 7424K, reserved 1056768K
  class space    used 624K, capacity 656K, committed 768K, reserved 1048576K
Event: 4.637 GC heap after
Heap after GC invocations=7 (full 0):
 PSYoungGen      total 150528K, used 19939K [0x00000000eab00000, 0x00000000fe900000, 0x0000000100000000)
  eden space 130560K, 0% used [0x00000000eab00000,0x00000000eab00000,0x00000000f2a80000)
  from space 19968K, 99% used [0x00000000f2a80000,0x00000000f3df8da0,0x00000000f3e00000)
  to   space 32256K, 0% used [0x00000000fc980000,0x00000000fc980000,0x00000000fe900000)
 ParOldGen       total 87552K, used 41617K [0x00000000c0000000, 0x00000000c5580000, 0x00000000eab00000)
  object space 87552K, 47% used [0x00000000c0000000,0x00000000c28a4650,0x00000000c5580000)
 Metaspace       used 6544K, capacity 7256K, committed 7424K, reserved 1056768K
  class space    used 624K, capacity 656K, committed 768K, reserved 1048576K
}
Event: 6.128 GC heap before
{Heap before GC invocations=8 (full 0):
 PSYoungGen      total 150528K, used 150499K [0x00000000eab00000, 0x00000000fe900000, 0x0000000100000000)
  eden space 130560K, 100% used [0x00000000eab00000,0x00000000f2a80000,0x00000000f2a80000)
  from space 19968K, 99% used [0x00000000f2a80000,0x00000000f3df8da0,0x00000000f3e00000)
  to   space 32256K, 0% used [0x00000000fc980000,0x00000000fc980000,0x00000000fe900000)
 ParOldGen       total 87552K, used 41617K [0x00000000c0000000, 0x00000000c5580000, 0x00000000eab00000)
  object space 87552K, 47% used [0x00000000c0000000,0x00000000c28a4650,0x00000000c5580000)
 Metaspace       used 6550K, capacity 7256K, committed 7424K, reserved 1056768K
  class space    used 624K, capacity 656K, committed 768K, reserved 1048576K
Event: 6.215 GC heap after
Heap after GC invocations=8 (full 0):
 PSYoungGen      total 283648K, used 32253K [0x00000000eab00000, 0x00000000ffc00000, 0x0000000100000000)
  eden space 251392K, 0% used [0x00000000eab00000,0x00000000eab00000,0x00000000fa080000)
  from space 32256K, 99% used [0x00000000fc980000,0x00000000fe8ff508,0x00000000fe900000)
  to   space 41984K, 0% used [0x00000000fa080000,0x00000000fa080000,0x00000000fc980000)
 ParOldGen       total 87552K, used 51372K [0x00000000c0000000, 0x00000000c5580000, 0x00000000eab00000)
  object space 87552K, 58% used [0x00000000c0000000,0x00000000c322b3c0,0x00000000c5580000)
 Metaspace       used 6550K, capacity 7256K, committed 7424K, reserved 1056768K
  class space    used 624K, capacity 656K, committed 768K, reserved 1048576K
}
Event: 7.248 GC heap before
{Heap before GC invocations=9 (full 0):
 PSYoungGen      total 283648K, used 283645K [0x00000000eab00000, 0x00000000ffc00000, 0x0000000100000000)
  eden space 251392K, 100% used [0x00000000eab00000,0x00000000fa080000,0x00000000fa080000)
  from space 32256K, 99% used [0x00000000fc980000,0x00000000fe8ff508,0x00000000fe900000)
  to   space 41984K, 0% used [0x00000000fa080000,0x00000000fa080000,0x00000000fc980000)
 ParOldGen       total 87552K, used 51372K [0x00000000c0000000, 0x00000000c5580000, 0x00000000eab00000)
  object space 87552K, 58% used [0x00000000c0000000,0x00000000c322b3c0,0x00000000c5580000)
 Metaspace       used 6572K, capacity 7256K, committed 7424K, reserved 1056768K
  class space    used 625K, capacity 656K, committed 768K, reserved 1048576K
Event: 7.343 GC heap after
Heap after GC invocations=9 (full 0):
 PSYoungGen      total 293376K, used 41980K [0x00000000eab00000, 0x0000000100000000, 0x0000000100000000)
  eden space 251392K, 0% used [0x00000000eab00000,0x00000000eab00000,0x00000000fa080000)
  from space 41984K, 99% used [0x00000000fa080000,0x00000000fc97f298,0x00000000fc980000)
  to   space 55808K, 0% used [0x00000000fc980000,0x00000000fc980000,0x0000000100000000)
 ParOldGen       total 87552K, used 84385K [0x00000000c0000000, 0x00000000c5580000, 0x00000000eab00000)
  object space 87552K, 96% used [0x00000000c0000000,0x00000000c5268568,0x00000000c5580000)
 Metaspace       used 6572K, capacity 7256K, committed 7424K, reserved 1056768K
  class space    used 625K, capacity 656K, committed 768K, reserved 1048576K
}
Event: 7.343 GC heap before
{Heap before GC invocations=10 (full 1):
 PSYoungGen      total 293376K, used 41980K [0x00000000eab00000, 0x0000000100000000, 0x0000000100000000)
  eden space 251392K, 0% used [0x00000000eab00000,0x00000000eab00000,0x00000000fa080000)
  from space 41984K, 99% used [0x00000000fa080000,0x00000000fc97f298,0x00000000fc980000)
  to   space 55808K, 0% used [0x00000000fc980000,0x00000000fc980000,0x0000000100000000)
 ParOldGen       total 87552K, used 84385K [0x00000000c0000000, 0x00000000c5580000, 0x00000000eab00000)
  object space 87552K, 96% used [0x00000000c0000000,0x00000000c5268568,0x00000000c5580000)
 Metaspace       used 6572K, capacity 7256K, committed 7424K, reserved 1056768K
  class space    used 625K, capacity 656K, committed 768K, reserved 1048576K
Event: 9.698 GC heap after
Heap after GC invocations=10 (full 1):
 PSYoungGen      total 293376K, used 34734K [0x00000000eab00000, 0x0000000100000000, 0x0000000100000000)
  eden space 251392K, 0% used [0x00000000eab00000,0x00000000eab00000,0x00000000fa080000)
  from space 41984K, 82% used [0x00000000fa080000,0x00000000fc26b8a8,0x00000000fc980000)
  to   space 55808K, 0% used [0x00000000fc980000,0x00000000fc980000,0x0000000100000000)
 ParOldGen       total 172544K, used 87363K [0x00000000c0000000, 0x00000000ca880000, 0x00000000eab00000)
  object space 172544K, 50% used [0x00000000c0000000,0x00000000c5550d18,0x00000000ca880000)
 Metaspace       used 6572K, capacity 7256K, committed 7424K, reserved 1056768K
  class space    used 625K, capacity 656K, committed 768K, reserved 1048576K
}

Deoptimization events (10 events):
Event: 6.805 Thread 0x0000000016d3d000 Uncommon trap: reason=unstable_if action=reinterpret pc=0x0000000002edbb8c method=com.android.dx.ssa.MoveParamCombiner$1.visitNonMoveInsn(Lcom/android/dx/ssa/NormalSsaInsn;)V @ 27
Event: 6.964 Thread 0x0000000016d3b800 Uncommon trap: reason=unstable_if action=reinterpret pc=0x00000000032f05d8 method=com.android.dx.dex.code.OutputFinisher.hasLocalInfo(Lcom/android/dx/dex/code/DalvInsn;)Z @ 24
Event: 6.974 Thread 0x0000000016d3d000 Uncommon trap: reason=bimorphic action=maybe_recompile pc=0x00000000033ea430 method=com.android.dx.cf.code.BytecodeArray.parseInstruction(ILcom/android/dx/cf/code/BytecodeArray$Visitor;)I @ 1161
Event: 6.974 Thread 0x0000000016d3d000 Uncommon trap: reason=bimorphic action=maybe_recompile pc=0x00000000033ea430 method=com.android.dx.cf.code.BytecodeArray.parseInstruction(ILcom/android/dx/cf/code/BytecodeArray$Visitor;)I @ 1161
Event: 6.977 Thread 0x0000000016d0b000 Uncommon trap: reason=unstable_if action=reinterpret pc=0x0000000002f2bb08 method=com.android.dx.ssa.LiteralOpUpgrader$1.visitNonMoveInsn(Lcom/android/dx/ssa/NormalSsaInsn;)V @ 55
Event: 6.977 Thread 0x0000000016d0b000 Uncommon trap: reason=unstable_if action=reinterpret pc=0x0000000002d3525c method=com.android.dx.ssa.SsaMethod.updateOneDefinition(Lcom/android/dx/ssa/SsaInsn;Lcom/android/dx/rop/code/RegisterSpec;)V @ 4
Event: 9.843 Thread 0x0000000002840800 Uncommon trap: reason=class_check action=maybe_recompile pc=0x0000000002cff398 method=java.util.Arrays.hashCode([Ljava/lang/Object;)I @ 43
Event: 9.843 Thread 0x0000000002840800 Uncommon trap: reason=class_check action=maybe_recompile pc=0x0000000002cff398 method=java.util.Arrays.hashCode([Ljava/lang/Object;)I @ 43
Event: 9.843 Thread 0x0000000002840800 Uncommon trap: reason=class_check action=maybe_recompile pc=0x0000000002cff398 method=java.util.Arrays.hashCode([Ljava/lang/Object;)I @ 43
Event: 9.843 Thread 0x0000000002840800 Uncommon trap: reason=class_check action=maybe_recompile pc=0x0000000002cff398 method=java.util.Arrays.hashCode([Ljava/lang/Object;)I @ 43

Internal exceptions (10 events):
Event: 0.505 Thread 0x0000000002840800 Exception <a 'java/lang/NoSuchMethodError': Method sun.misc.Unsafe.defineClass(Ljava/lang/String;[BII)Ljava/lang/Class; name or signature does not match> (0x00000000eab0d828) thrown at [C:\workspace\8-2-build-windows-amd64-cygwin\jdk8u65\4987\hotspot\src\sÉ¥.%*à?
Event: 0.505 Thread 0x0000000002840800 Exception <a 'java/lang/NoSuchMethodError': Method sun.misc.Unsafe.prefetchRead(Ljava/lang/Object;J)V name or signature does not match> (0x00000000eab0db10) thrown at [C:\workspace\8-2-build-windows-amd64-cygwin\jdk8u65\4987\hotspot\src\share\vm\prims\jni.Ý,ãqô“@
Event: 2.447 Thread 0x0000000016d3d000 Implicit null exception at 0x0000000002cacbe2 to 0x0000000002caccda
Event: 2.505 Thread 0x0000000016d0b000 Exception <a 'java/lang/ArrayIndexOutOfBoundsException': 18> (0x00000000ec9d30e0) thrown at [C:\workspace\8-2-build-windows-amd64-cygwin\jdk8u65\4987\hotspot\src\share\vm\interpreter\interpreterRuntime.cpp, line 366]
Event: 2.505 Thread 0x0000000016d0b000 Exception <a 'java/lang/ArrayIndexOutOfBoundsException'> (0x00000000ec9d4c60) thrown at [C:\workspace\8-2-build-windows-amd64-cygwin\jdk8u65\4987\hotspot\src\share\vm\runtime\sharedRuntime.cpp, line 605]
Event: 2.506 Thread 0x0000000016d0b000 Exception <a 'java/lang/ArrayIndexOutOfBoundsException'> (0x00000000ec9d5f48) thrown at [C:\workspace\8-2-build-windows-amd64-cygwin\jdk8u65\4987\hotspot\src\share\vm\runtime\sharedRuntime.cpp, line 605]
Event: 4.378 Thread 0x0000000016d3c800 Implicit null exception at 0x0000000002e74c76 to 0x0000000002e7612d
Event: 6.466 Thread 0x0000000016d3d000 Implicit null exception at 0x000000000329dc9f to 0x00000000032a23e1
Event: 6.470 Thread 0x0000000016d3d000 Implicit null exception at 0x00000000032f6623 to 0x00000000032f7765
Event: 6.471 Thread 0x0000000016d3d000 Implicit null exception at 0x0000000003182765 to 0x0000000003185781

Events (10 events):
Event: 9.902 Thread 0x0000000002840800 DEOPT PACKING pc=0x00000000034de254 sp=0x000000000271ee20
Event: 9.902 Thread 0x0000000002840800 DEOPT UNPACKING pc=0x000000000298787f sp=0x000000000271ebb0 mode 0
Event: 9.915 Thread 0x0000000002840800 DEOPT PACKING pc=0x00000000034dd644 sp=0x000000000271ee50
Event: 9.915 Thread 0x0000000002840800 DEOPT UNPACKING pc=0x000000000298787f sp=0x000000000271eba0 mode 0
Event: 9.995 Thread 0x0000000002840800 DEOPT PACKING pc=0x00000000034ea969 sp=0x000000000271ee20
Event: 9.995 Thread 0x0000000002840800 DEOPT UNPACKING pc=0x000000000298787f sp=0x000000000271ebb0 mode 0
Event: 9.999 Thread 0x0000000002840800 DEOPT PACKING pc=0x00000000034ea969 sp=0x000000000271ee20
Event: 9.999 Thread 0x0000000002840800 DEOPT UNPACKING pc=0x000000000298787f sp=0x000000000271ebb0 mode 0
Event: 10.000 Thread 0x0000000002840800 DEOPT PACKING pc=0x00000000034ea969 sp=0x000000000271ee20
Event: 10.000 Thread 0x0000000002840800 DEOPT UNPACKING pc=0x000000000298787f sp=0x000000000271ebb0 mode 0


Dynamic libraries:
0x00007ff6937b0000 - 0x00007ff6937e7000 	C:\Program Files\Java\jdk1.8.0_65\bin\java.exe
0x00007ffac49d0000 - 0x00007ffac4ba1000 	C:\WINDOWS\SYSTEM32\ntdll.dll
0x00007ffac1fa0000 - 0x00007ffac204b000 	C:\WINDOWS\System32\KERNEL32.DLL
0x00007ffac17a0000 - 0x00007ffac19bd000 	C:\WINDOWS\System32\KERNELBASE.dll
0x00007ffac4090000 - 0x00007ffac4132000 	C:\WINDOWS\System32\ADVAPI32.dll
0x00007ffac39d0000 - 0x00007ffac3a6e000 	C:\WINDOWS\System32\msvcrt.dll
0x00007ffac4910000 - 0x00007ffac4969000 	C:\WINDOWS\System32\sechost.dll
0x00007ffac38a0000 - 0x00007ffac39c1000 	C:\WINDOWS\System32\RPCRT4.dll
0x00007ffac47a0000 - 0x00007ffac4905000 	C:\WINDOWS\System32\USER32.dll
0x00007ffac1f40000 - 0x00007ffac1f5e000 	C:\WINDOWS\System32\win32u.dll
0x00007ffac1f60000 - 0x00007ffac1f94000 	C:\WINDOWS\System32\GDI32.dll
0x00007ffac1d40000 - 0x00007ffac1ec2000 	C:\WINDOWS\System32\gdi32full.dll
0x00007ffab7db0000 - 0x00007ffab8029000 	C:\WINDOWS\WinSxS\amd64_microsoft.windows.common-controls_6595b64144ccf1df_6.0.14393.0_none_2d0f50fcbdb171b8\COMCTL32.dll
0x00007ffac4250000 - 0x00007ffac4517000 	C:\WINDOWS\System32\combase.dll
0x00007ffac19c0000 - 0x00007ffac1ab5000 	C:\WINDOWS\System32\ucrtbase.dll
0x00007ffac1ed0000 - 0x00007ffac1f3a000 	C:\WINDOWS\System32\bcryptPrimitives.dll
0x00007ffac4210000 - 0x00007ffac423e000 	C:\WINDOWS\System32\IMM32.DLL
0x000000005a430000 - 0x000000005a502000 	C:\Program Files\Java\jdk1.8.0_65\jre\bin\msvcr100.dll
0x000000005a5c0000 - 0x000000005ae49000 	C:\Program Files\Java\jdk1.8.0_65\jre\bin\server\jvm.dll
0x00007ffac4520000 - 0x00007ffac4528000 	C:\WINDOWS\System32\PSAPI.DLL
0x00007ffaba5f0000 - 0x00007ffaba5f9000 	C:\WINDOWS\SYSTEM32\WSOCK32.dll
0x00007ffac3a70000 - 0x00007ffac3ada000 	C:\WINDOWS\System32\WS2_32.dll
0x00007ffabf160000 - 0x00007ffabf183000 	C:\WINDOWS\SYSTEM32\WINMM.dll
0x00007ffabc750000 - 0x00007ffabc75a000 	C:\WINDOWS\SYSTEM32\VERSION.dll
0x00007ffabf100000 - 0x00007ffabf12b000 	C:\WINDOWS\SYSTEM32\WINMMBASE.dll
0x00007ffac15a0000 - 0x00007ffac15e2000 	C:\WINDOWS\System32\cfgmgr32.dll
0x000000005b460000 - 0x000000005b46f000 	C:\Program Files\Java\jdk1.8.0_65\jre\bin\verify.dll
0x000000005b430000 - 0x000000005b459000 	C:\Program Files\Java\jdk1.8.0_65\jre\bin\java.dll
0x000000005b410000 - 0x000000005b426000 	C:\Program Files\Java\jdk1.8.0_65\jre\bin\zip.dll
0x00007ffac2390000 - 0x00007ffac3898000 	C:\WINDOWS\System32\SHELL32.dll
0x00007ffac0ec0000 - 0x00007ffac159a000 	C:\WINDOWS\System32\windows.storage.dll
0x00007ffac0e30000 - 0x00007ffac0e7c000 	C:\WINDOWS\System32\powrprof.dll
0x00007ffac4970000 - 0x00007ffac49c2000 	C:\WINDOWS\System32\shlwapi.dll
0x00007ffac0e80000 - 0x00007ffac0e8f000 	C:\WINDOWS\System32\kernel.appcore.dll
0x00007ffac1ac0000 - 0x00007ffac1b69000 	C:\WINDOWS\System32\shcore.dll
0x00007ffac0e90000 - 0x00007ffac0ea4000 	C:\WINDOWS\System32\profapi.dll

VM Arguments:
jvm_args: -Djava.awt.headless=true -Xmx1024M -Dfile.encoding=windows-1252 -Duser.country=DE -Duser.language=de -Duser.variant 
java_command: com.android.dx.command.Main --dex --num-threads=4 --output C:\Users\Max\AndroidStudioProjects\StudyLA\StudyLA\app\build\intermediates\pre-dexed\debug\guava-18.0_50b1d12eb852caa816b7186a93093bcddfff422c.jar C:\Users\Max\.gradle\caches\modules-2\files-2.1\com.google.guava\guava\18.0\cce0823396aa693798f8882e64213b1772032b09\guava-18.0.jar
java_class_path (initial): C:\Users\Max\AppData\Local\Android\sdk\build-tools\24.0.0\lib\dx.jar
Launcher Type: SUN_STANDARD

Environment Variables:
JAVA_HOME=C:\Program Files\Java\jdk1.8.0_65
PATH=C:\Program Files (x86)\NVIDIA Corporation\PhysX\Common;C:\ProgramData\Oracle\Java\javapath;C:\WINDOWS\system32;C:\WINDOWS;C:\WINDOWS\System32\Wbem;C:\WINDOWS\System32\WindowsPowerShell\v1.0\;C:\Program Files (x86)\AMD\ATI.ACE\Core-Static;C:\Program Files (x86)\ATI Technologies\ATI.ACE\Core-Static;C:\Program Files (x86)\Windows Kits\8.1\Windows Performance Toolkit\;C:\Program Files\Git\cmd;C:\WINDOWS\system32\config\systemprofile\.dnx\bin;C:\Program Files\Microsoft DNX\Dnvm\;C:\Program Files\Microsoft SQL Server\120\Tools\Binn\;C:\Program Files (x86)\Windows Live\Shared;C:\Users\Max\AppData\Local\Programs\Python\Python35-32\Scripts\;C:\Users\Max\AppData\Local\Programs\Python\Python35-32\;%USERPROFILE%\AppData\Local\Microsoft\WindowsApps;
USERNAME=Max
OS=Windows_NT
PROCESSOR_IDENTIFIER=Intel64 Family 6 Model 60 Stepping 3, GenuineIntel



---------------  S Y S T E M  ---------------

OS: Windows 10.0 , 64 bit Build 14393 (10.0.14393.0)

CPU:total 4 (4 cores per cpu, 1 threads per core) family 6 model 60 stepping 3, cmov, cx8, fxsr, mmx, sse, sse2, sse3, ssse3, sse4.1, sse4.2, popcnt, avx, avx2, aes, clmul, erms, lzcnt, tsc, tscinvbit, bmi1, bmi2

Memory: 4k page, physical 8264344k(1500792k free), swap 10927212k(11104k free)

vm_info: Java HotSpot(TM) 64-Bit Server VM (25.65-b01) for windows-amd64 JRE (1.8.0_65-b17), built on Oct  6 2015 16:39:20 by "java_re" with MS VC++ 10.0 (VS2010)

time: Tue Oct 25 14:44:45 2016
elapsed time: 10 seconds (0d 0h 0m 10s)

