#
# There is insufficient memory for the Java Runtime Environment to continue.
# Native memory allocation (malloc) failed to allocate 1400352 bytes for Chunk::new
# Possible reasons:
#   The system is out of physical RAM or swap space
#   In 32 bit mode, the process size limit was hit
# Possible solutions:
#   Reduce memory load on the system
#   Increase physical memory or swap space
#   Check if swap backing store is full
#   Use 64 bit Java on a 64 bit OS
#   Decrease Java heap size (-Xmx/-Xms)
#   Decrease number of Java threads
#   Decrease Java thread stack sizes (-Xss)
#   Set larger code cache with -XX:ReservedCodeCacheSize=
# This output file may be truncated or incomplete.
#
#  Out of Memory Error (allocation.cpp:390), pid=224, tid=1312
#
# JRE version: Java(TM) SE Runtime Environment (8.0_65-b17) (build 1.8.0_65-b17)
# Java VM: Java HotSpot(TM) 64-Bit Server VM (25.65-b01 mixed mode windows-amd64 compressed oops)
# Failed to write core dump. Minidumps are not enabled by default on client versions of Windows
#

---------------  T H R E A D  ---------------

Current thread (0x0000000014ae0000):  JavaThread "C2 CompilerThread1" daemon [_thread_in_native, id=1312, stack(0x0000000016240000,0x0000000016340000)]

Stack: [0x0000000016240000,0x0000000016340000]
[error occurred during error reporting (printing stack bounds), id 0xc0000005]

Native frames: (J=compiled Java code, j=interpreted, Vv=VM code, C=native code)


Current CompileTask:
C2:   7535 1953   !   4       com.android.dx.cf.code.RopperMachine::run (1550 bytes)


---------------  P R O C E S S  ---------------

Java Threads: ( => current thread )
  0x0000000016442800 JavaThread "Service Thread" daemon [_thread_blocked, id=6236, stack(0x0000000016840000,0x0000000016940000)]
  0x0000000014b38800 JavaThread "C1 CompilerThread2" daemon [_thread_blocked, id=6244, stack(0x0000000016340000,0x0000000016440000)]
=>0x0000000014ae0000 JavaThread "C2 CompilerThread1" daemon [_thread_in_native, id=1312, stack(0x0000000016240000,0x0000000016340000)]
  0x0000000014ad8800 JavaThread "C2 CompilerThread0" daemon [_thread_in_native, id=708, stack(0x0000000016140000,0x0000000016240000)]
  0x0000000014ad6800 JavaThread "Attach Listener" daemon [_thread_blocked, id=3440, stack(0x0000000016040000,0x0000000016140000)]
  0x0000000014ad5000 JavaThread "Signal Dispatcher" daemon [_thread_blocked, id=3624, stack(0x0000000015f40000,0x0000000016040000)]
  0x0000000002400800 JavaThread "Finalizer" daemon [_thread_blocked, id=10040, stack(0x0000000015d30000,0x0000000015e30000)]
  0x00000000023fd000 JavaThread "Reference Handler" daemon [_thread_blocked, id=9204, stack(0x0000000015c30000,0x0000000015d30000)]
  0x0000000002310800 JavaThread "main" [_thread_in_Java, id=6952, stack(0x0000000002210000,0x0000000002310000)]

Other Threads:
  0x0000000014aa8000 VMThread [stack: 0x0000000015b30000,0x0000000015c30000] [id=6036]
  0x0000000016448800 WatcherThread [stack: 0x0000000016940000,0x0000000016a40000] [id=8572]

VM state:not at safepoint (normal execution)

VM Mutex/Monitor currently owned by a thread: None

Heap:
 PSYoungGen      total 290304K, used 134066K [0x00000000eab00000, 0x00000000fee00000, 0x0000000100000000)
  eden space 262144K, 41% used [0x00000000eab00000,0x00000000f157d248,0x00000000fab00000)
  from space 28160K, 88% used [0x00000000fca80000,0x00000000fe2ef6e0,0x00000000fe600000)
  to   space 32256K, 0% used [0x00000000fab00000,0x00000000fab00000,0x00000000fca80000)
 ParOldGen       total 87552K, used 43460K [0x00000000c0000000, 0x00000000c5580000, 0x00000000eab00000)
  object space 87552K, 49% used [0x00000000c0000000,0x00000000c2a71170,0x00000000c5580000)
 Metaspace       used 6871K, capacity 7544K, committed 7680K, reserved 1056768K
  class space    used 641K, capacity 688K, committed 768K, reserved 1048576K

Card table byte_map: [0x00000000117d0000,0x00000000119e0000] byte_map_base: 0x00000000111d0000

Marking Bits: (ParMarkBitMap*) 0x000000005adca5b0
 Begin Bits: [0x0000000011f40000, 0x0000000012f40000)
 End Bits:   [0x0000000012f40000, 0x0000000013f40000)

Polling page: 0x0000000000440000

CodeCache: size=245760Kb used=9223Kb max_used=9223Kb free=236536Kb
 bounds [0x0000000002410000, 0x0000000002d20000, 0x0000000011410000]
 total_blobs=2693 nmethods=2423 adapters=182
 compilation: enabled

Compilation events (10 events):
Event: 7.461 Thread 0x0000000014b38800 2521       2       com.android.dx.dex.code.StdCatchBuilder::rangeIsValid (62 bytes)
Event: 7.462 Thread 0x0000000014b38800 nmethod 2521 0x0000000002d16490 code [0x0000000002d16660, 0x0000000002d16ad8]
Event: 7.462 Thread 0x0000000014b38800 2522       2       com.android.dx.util.ByteArrayAnnotatedOutput::ensureCapacity (39 bytes)
Event: 7.463 Thread 0x0000000014b38800 nmethod 2522 0x0000000002d16f90 code [0x0000000002d17100, 0x0000000002d173c8]
Event: 7.467 Thread 0x0000000014b38800 2523       3       java.util.ComparableTimSort::binarySort (223 bytes)
Event: 7.468 Thread 0x0000000014b38800 nmethod 2523 0x0000000002d174d0 code [0x0000000002d176c0, 0x0000000002d18198]
Event: 7.474 Thread 0x0000000014b38800 2524       1       com.android.dx.dex.code.form.Form23x::codeSize (2 bytes)
Event: 7.474 Thread 0x0000000014b38800 nmethod 2524 0x0000000002d18610 code [0x0000000002d18760, 0x0000000002d18870]
Event: 7.532 Thread 0x0000000014b38800 2525       2       com.android.dx.dex.code.form.Form35c::compatibleRegs (69 bytes)
Event: 7.532 Thread 0x0000000014b38800 nmethod 2525 0x0000000002d188d0 code [0x0000000002d18a80, 0x0000000002d18df8]

GC Heap History (10 events):
Event: 3.799 GC heap before
{Heap before GC invocations=2 (full 0):
 PSYoungGen      total 38400K, used 38132K [0x00000000eab00000, 0x00000000ef600000, 0x0000000100000000)
  eden space 33280K, 100% used [0x00000000eab00000,0x00000000ecb80000,0x00000000ecb80000)
  from space 5120K, 94% used [0x00000000ecb80000,0x00000000ed03d240,0x00000000ed080000)
  to   space 5120K, 0% used [0x00000000ef100000,0x00000000ef100000,0x00000000ef600000)
 ParOldGen       total 87552K, used 16K [0x00000000c0000000, 0x00000000c5580000, 0x00000000eab00000)
  object space 87552K, 0% used [0x00000000c0000000,0x00000000c0004000,0x00000000c5580000)
 Metaspace       used 6168K, capacity 7024K, committed 7296K, reserved 1056768K
  class space    used 603K, capacity 616K, committed 640K, reserved 1048576K
Event: 3.975 GC heap after
Heap after GC invocations=2 (full 0):
 PSYoungGen      total 71680K, used 5112K [0x00000000eab00000, 0x00000000ef600000, 0x0000000100000000)
  eden space 66560K, 0% used [0x00000000eab00000,0x00000000eab00000,0x00000000eec00000)
  from space 5120K, 99% used [0x00000000ef100000,0x00000000ef5fe2d0,0x00000000ef600000)
  to   space 5120K, 0% used [0x00000000eec00000,0x00000000eec00000,0x00000000ef100000)
 ParOldGen       total 87552K, used 3531K [0x00000000c0000000, 0x00000000c5580000, 0x00000000eab00000)
  object space 87552K, 4% used [0x00000000c0000000,0x00000000c0372d48,0x00000000c5580000)
 Metaspace       used 6168K, capacity 7024K, committed 7296K, reserved 1056768K
  class space    used 603K, capacity 616K, committed 640K, reserved 1048576K
}
Event: 5.120 GC heap before
{Heap before GC invocations=3 (full 0):
 PSYoungGen      total 71680K, used 71672K [0x00000000eab00000, 0x00000000ef600000, 0x0000000100000000)
  eden space 66560K, 100% used [0x00000000eab00000,0x00000000eec00000,0x00000000eec00000)
  from space 5120K, 99% used [0x00000000ef100000,0x00000000ef5fe2d0,0x00000000ef600000)
  to   space 5120K, 0% used [0x00000000eec00000,0x00000000eec00000,0x00000000ef100000)
 ParOldGen       total 87552K, used 3531K [0x00000000c0000000, 0x00000000c5580000, 0x00000000eab00000)
  object space 87552K, 4% used [0x00000000c0000000,0x00000000c0372d48,0x00000000c5580000)
 Metaspace       used 6269K, capacity 7152K, committed 7296K, reserved 1056768K
  class space    used 603K, capacity 616K, committed 640K, reserved 1048576K
Event: 5.353 GC heap after
Heap after GC invocations=3 (full 0):
 PSYoungGen      total 71680K, used 5106K [0x00000000eab00000, 0x00000000f3700000, 0x0000000100000000)
  eden space 66560K, 0% used [0x00000000eab00000,0x00000000eab00000,0x00000000eec00000)
  from space 5120K, 99% used [0x00000000eec00000,0x00000000ef0fc8e0,0x00000000ef100000)
  to   space 5120K, 0% used [0x00000000f3200000,0x00000000f3200000,0x00000000f3700000)
 ParOldGen       total 87552K, used 12498K [0x00000000c0000000, 0x00000000c5580000, 0x00000000eab00000)
  object space 87552K, 14% used [0x00000000c0000000,0x00000000c0c34908,0x00000000c5580000)
 Metaspace       used 6269K, capacity 7152K, committed 7296K, reserved 1056768K
  class space    used 603K, capacity 616K, committed 640K, reserved 1048576K
}
Event: 5.817 GC heap before
{Heap before GC invocations=4 (full 0):
 PSYoungGen      total 71680K, used 71666K [0x00000000eab00000, 0x00000000f3700000, 0x0000000100000000)
  eden space 66560K, 100% used [0x00000000eab00000,0x00000000eec00000,0x00000000eec00000)
  from space 5120K, 99% used [0x00000000eec00000,0x00000000ef0fc8e0,0x00000000ef100000)
  to   space 5120K, 0% used [0x00000000f3200000,0x00000000f3200000,0x00000000f3700000)
 ParOldGen       total 87552K, used 12498K [0x00000000c0000000, 0x00000000c5580000, 0x00000000eab00000)
  object space 87552K, 14% used [0x00000000c0000000,0x00000000c0c34908,0x00000000c5580000)
 Metaspace       used 6342K, capacity 7152K, committed 7296K, reserved 1056768K
  class space    used 603K, capacity 616K, committed 640K, reserved 1048576K
Event: 5.843 GC heap after
Heap after GC invocations=4 (full 0):
 PSYoungGen      total 138240K, used 5090K [0x00000000eab00000, 0x00000000f3700000, 0x0000000100000000)
  eden space 133120K, 0% used [0x00000000eab00000,0x00000000eab00000,0x00000000f2d00000)
  from space 5120K, 99% used [0x00000000f3200000,0x00000000f36f88f0,0x00000000f3700000)
  to   space 5120K, 0% used [0x00000000f2d00000,0x00000000f2d00000,0x00000000f3200000)
 ParOldGen       total 87552K, used 22437K [0x00000000c0000000, 0x00000000c5580000, 0x00000000eab00000)
  object space 87552K, 25% used [0x00000000c0000000,0x00000000c15e96e8,0x00000000c5580000)
 Metaspace       used 6342K, capacity 7152K, committed 7296K, reserved 1056768K
  class space    used 603K, capacity 616K, committed 640K, reserved 1048576K
}
Event: 6.368 GC heap before
{Heap before GC invocations=5 (full 0):
 PSYoungGen      total 138240K, used 138210K [0x00000000eab00000, 0x00000000f3700000, 0x0000000100000000)
  eden space 133120K, 100% used [0x00000000eab00000,0x00000000f2d00000,0x00000000f2d00000)
  from space 5120K, 99% used [0x00000000f3200000,0x00000000f36f88f0,0x00000000f3700000)
  to   space 5120K, 0% used [0x00000000f2d00000,0x00000000f2d00000,0x00000000f3200000)
 ParOldGen       total 87552K, used 22437K [0x00000000c0000000, 0x00000000c5580000, 0x00000000eab00000)
  object space 87552K, 25% used [0x00000000c0000000,0x00000000c15e96e8,0x00000000c5580000)
 Metaspace       used 6509K, capacity 7256K, committed 7424K, reserved 1056768K
  class space    used 624K, capacity 656K, committed 768K, reserved 1048576K
Event: 6.424 GC heap after
Heap after GC invocations=5 (full 0):
 PSYoungGen      total 138240K, used 5103K [0x00000000eab00000, 0x00000000fe600000, 0x0000000100000000)
  eden space 133120K, 0% used [0x00000000eab00000,0x00000000eab00000,0x00000000f2d00000)
  from space 5120K, 99% used [0x00000000f2d00000,0x00000000f31fbe90,0x00000000f3200000)
  to   space 28160K, 0% used [0x00000000fca80000,0x00000000fca80000,0x00000000fe600000)
 ParOldGen       total 87552K, used 43460K [0x00000000c0000000, 0x00000000c5580000, 0x00000000eab00000)
  object space 87552K, 49% used [0x00000000c0000000,0x00000000c2a71170,0x00000000c5580000)
 Metaspace       used 6509K, capacity 7256K, committed 7424K, reserved 1056768K
  class space    used 624K, capacity 656K, committed 768K, reserved 1048576K
}
Event: 6.693 GC heap before
{Heap before GC invocations=6 (full 0):
 PSYoungGen      total 138240K, used 138223K [0x00000000eab00000, 0x00000000fe600000, 0x0000000100000000)
  eden space 133120K, 100% used [0x00000000eab00000,0x00000000f2d00000,0x00000000f2d00000)
  from space 5120K, 99% used [0x00000000f2d00000,0x00000000f31fbe90,0x00000000f3200000)
  to   space 28160K, 0% used [0x00000000fca80000,0x00000000fca80000,0x00000000fe600000)
 ParOldGen       total 87552K, used 43460K [0x00000000c0000000, 0x00000000c5580000, 0x00000000eab00000)
  object space 87552K, 49% used [0x00000000c0000000,0x00000000c2a71170,0x00000000c5580000)
 Metaspace       used 6545K, capacity 7256K, committed 7424K, reserved 1056768K
  class space    used 624K, capacity 656K, committed 768K, reserved 1048576K
Event: 6.729 GC heap after
Heap after GC invocations=6 (full 0):
 PSYoungGen      total 290304K, used 25021K [0x00000000eab00000, 0x00000000fee00000, 0x0000000100000000)
  eden space 262144K, 0% used [0x00000000eab00000,0x00000000eab00000,0x00000000fab00000)
  from space 28160K, 88% used [0x00000000fca80000,0x00000000fe2ef6e0,0x00000000fe600000)
  to   space 32256K, 0% used [0x00000000fab00000,0x00000000fab00000,0x00000000fca80000)
 ParOldGen       total 87552K, used 43460K [0x00000000c0000000, 0x00000000c5580000, 0x00000000eab00000)
  object space 87552K, 49% used [0x00000000c0000000,0x00000000c2a71170,0x00000000c5580000)
 Metaspace       used 6545K, capacity 7256K, committed 7424K, reserved 1056768K
  class space    used 624K, capacity 656K, committed 768K, reserved 1048576K
}

Deoptimization events (10 events):
Event: 6.951 Thread 0x0000000002310800 Uncommon trap: reason=class_check action=maybe_recompile pc=0x00000000028c6b28 method=java.util.Arrays.hashCode([Ljava/lang/Object;)I @ 43
Event: 6.971 Thread 0x0000000002310800 Uncommon trap: reason=class_check action=maybe_recompile pc=0x0000000002896ec8 method=java.util.HashMap.putVal(ILjava/lang/Object;Ljava/lang/Object;ZZ)Ljava/lang/Object; @ 203
Event: 7.350 Thread 0x0000000002310800 Uncommon trap: reason=speculate_class_check action=maybe_recompile pc=0x00000000027bce60 method=com.android.dx.util.FixedSizeList.equals(Ljava/lang/Object;)Z @ 25
Event: 7.350 Thread 0x0000000002310800 Uncommon trap: reason=class_check action=maybe_recompile pc=0x00000000027c040c method=java.util.Arrays.equals([Ljava/lang/Object;[Ljava/lang/Object;)Z @ 62
Event: 7.350 Thread 0x0000000002310800 Uncommon trap: reason=speculate_class_check action=maybe_recompile pc=0x00000000027bce60 method=com.android.dx.util.FixedSizeList.equals(Ljava/lang/Object;)Z @ 25
Event: 7.350 Thread 0x0000000002310800 Uncommon trap: reason=class_check action=maybe_recompile pc=0x00000000027c040c method=java.util.Arrays.equals([Ljava/lang/Object;[Ljava/lang/Object;)Z @ 62
Event: 7.350 Thread 0x0000000002310800 Uncommon trap: reason=speculate_class_check action=maybe_recompile pc=0x00000000027bce60 method=com.android.dx.util.FixedSizeList.equals(Ljava/lang/Object;)Z @ 25
Event: 7.350 Thread 0x0000000002310800 Uncommon trap: reason=unstable_if action=reinterpret pc=0x00000000027c03e4 method=java.util.Arrays.equals([Ljava/lang/Object;[Ljava/lang/Object;)Z @ 23
Event: 7.350 Thread 0x0000000002310800 Uncommon trap: reason=speculate_class_check action=maybe_recompile pc=0x00000000027bce60 method=com.android.dx.util.FixedSizeList.equals(Ljava/lang/Object;)Z @ 25
Event: 7.351 Thread 0x0000000002310800 Uncommon trap: reason=unstable_if action=reinterpret pc=0x0000000002c6d42c method=java.util.TreeMap.put(Ljava/lang/Object;Ljava/lang/Object;)Ljava/lang/Object; @ 163

Internal exceptions (6 events):
Event: 0.030 Thread 0x0000000002310800 Exception <a 'java/lang/NoSuchMethodError': Method sun.misc.Unsafe.defineClass(Ljava/lang/String;[BII)Ljava/lang/Class; name or signature does not match> (0x00000000eab0d890) thrown at [C:\workspace\8-2-build-windows-amd64-cygwin\jdk8u65\4987\hotspot\src\s—}
Event: 0.030 Thread 0x0000000002310800 Exception <a 'java/lang/NoSuchMethodError': Method sun.misc.Unsafe.prefetchRead(Ljava/lang/Object;J)V name or signature does not match> (0x00000000eab0db78) thrown at [C:\workspace\8-2-build-windows-amd64-cygwin\jdk8u65\4987\hotspot\src\share\vm\prims\jni.=MÒﬂ`;@
Event: 6.058 Thread 0x0000000016737800 Implicit null exception at 0x00000000029e2ebb to 0x00000000029e4099
Event: 6.227 Thread 0x0000000016739800 Exception <a 'java/lang/ArrayIndexOutOfBoundsException': 18> (0x00000000f0084430) thrown at [C:\workspace\8-2-build-windows-amd64-cygwin\jdk8u65\4987\hotspot\src\share\vm\interpreter\interpreterRuntime.cpp, line 366]
Event: 6.227 Thread 0x0000000016739800 Exception <a 'java/lang/ArrayIndexOutOfBoundsException'> (0x00000000f0085fb0) thrown at [C:\workspace\8-2-build-windows-amd64-cygwin\jdk8u65\4987\hotspot\src\share\vm\runtime\sharedRuntime.cpp, line 605]
Event: 6.228 Thread 0x0000000016739800 Exception <a 'java/lang/ArrayIndexOutOfBoundsException'> (0x00000000f0087298) thrown at [C:\workspace\8-2-build-windows-amd64-cygwin\jdk8u65\4987\hotspot\src\share\vm\runtime\sharedRuntime.cpp, line 605]

Events (10 events):
Event: 7.380 Thread 0x0000000002310800 DEOPT PACKING pc=0x0000000002cac2a3 sp=0x000000000230eeb0
Event: 7.380 Thread 0x0000000002310800 DEOPT UNPACKING pc=0x000000000245787f sp=0x000000000230ec30 mode 0
Event: 7.381 Thread 0x0000000002310800 DEOPT PACKING pc=0x0000000002cb1a51 sp=0x000000000230ede0
Event: 7.381 Thread 0x0000000002310800 DEOPT UNPACKING pc=0x000000000245787f sp=0x000000000230eb68 mode 0
Event: 7.381 Thread 0x0000000002310800 DEOPT PACKING pc=0x0000000002cbbb19 sp=0x000000000230edb0
Event: 7.381 Thread 0x0000000002310800 DEOPT UNPACKING pc=0x000000000245787f sp=0x000000000230eb78 mode 0
Event: 7.391 Thread 0x0000000002310800 DEOPT PACKING pc=0x0000000002cc03e2 sp=0x000000000230eb70
Event: 7.391 Thread 0x0000000002310800 DEOPT UNPACKING pc=0x000000000245787f sp=0x000000000230e8f0 mode 0
Event: 7.440 Thread 0x0000000002310800 DEOPT PACKING pc=0x0000000002cb28cd sp=0x000000000230ed60
Event: 7.440 Thread 0x0000000002310800 DEOPT UNPACKING pc=0x000000000245787f sp=0x000000000230eab8 mode 0


Dynamic libraries:
0x00007ff6937b0000 - 0x00007ff6937e7000 	C:\Program Files\Java\jdk1.8.0_65\bin\java.exe
0x00007ffac49d0000 - 0x00007ffac4ba1000 	C:\WINDOWS\SYSTEM32\ntdll.dll
0x00007ffac1fa0000 - 0x00007ffac204b000 	C:\WINDOWS\System32\KERNEL32.DLL
0x00007ffac17a0000 - 0x00007ffac19bd000 	C:\WINDOWS\System32\KERNELBASE.dll
0x00007ffac4090000 - 0x00007ffac4132000 	C:\WINDOWS\System32\ADVAPI32.dll
0x00007ffac39d0000 - 0x00007ffac3a6e000 	C:\WINDOWS\System32\msvcrt.dll
0x00007ffac4910000 - 0x00007ffac4969000 	C:\WINDOWS\System32\sechost.dll
0x00007ffac38a0000 - 0x00007ffac39c1000 	C:\WINDOWS\System32\RPCRT4.dll
0x00007ffac47a0000 - 0x00007ffac4905000 	C:\WINDOWS\System32\USER32.dll
0x00007ffac1f40000 - 0x00007ffac1f5e000 	C:\WINDOWS\System32\win32u.dll
0x00007ffac1f60000 - 0x00007ffac1f94000 	C:\WINDOWS\System32\GDI32.dll
0x00007ffac1d40000 - 0x00007ffac1ec2000 	C:\WINDOWS\System32\gdi32full.dll
0x00007ffab7db0000 - 0x00007ffab8029000 	C:\WINDOWS\WinSxS\amd64_microsoft.windows.common-controls_6595b64144ccf1df_6.0.14393.0_none_2d0f50fcbdb171b8\COMCTL32.dll
0x00007ffac4250000 - 0x00007ffac4517000 	C:\WINDOWS\System32\combase.dll
0x00007ffac19c0000 - 0x00007ffac1ab5000 	C:\WINDOWS\System32\ucrtbase.dll
0x00007ffac1ed0000 - 0x00007ffac1f3a000 	C:\WINDOWS\System32\bcryptPrimitives.dll
0x00007ffac4210000 - 0x00007ffac423e000 	C:\WINDOWS\System32\IMM32.DLL
0x000000005a430000 - 0x000000005a502000 	C:\Program Files\Java\jdk1.8.0_65\jre\bin\msvcr100.dll
0x000000005a5c0000 - 0x000000005ae49000 	C:\Program Files\Java\jdk1.8.0_65\jre\bin\server\jvm.dll
0x00007ffac4520000 - 0x00007ffac4528000 	C:\WINDOWS\System32\PSAPI.DLL
0x00007ffabf160000 - 0x00007ffabf183000 	C:\WINDOWS\SYSTEM32\WINMM.dll
0x00007ffabc750000 - 0x00007ffabc75a000 	C:\WINDOWS\SYSTEM32\VERSION.dll
0x00007ffaba5f0000 - 0x00007ffaba5f9000 	C:\WINDOWS\SYSTEM32\WSOCK32.dll
0x00007ffabf100000 - 0x00007ffabf12b000 	C:\WINDOWS\SYSTEM32\WINMMBASE.dll
0x00007ffac15a0000 - 0x00007ffac15e2000 	C:\WINDOWS\System32\cfgmgr32.dll
0x00007ffac3a70000 - 0x00007ffac3ada000 	C:\WINDOWS\System32\WS2_32.dll
0x000000005b460000 - 0x000000005b46f000 	C:\Program Files\Java\jdk1.8.0_65\jre\bin\verify.dll
0x000000005b430000 - 0x000000005b459000 	C:\Program Files\Java\jdk1.8.0_65\jre\bin\java.dll
0x000000005b410000 - 0x000000005b426000 	C:\Program Files\Java\jdk1.8.0_65\jre\bin\zip.dll
0x00007ffac2390000 - 0x00007ffac3898000 	C:\WINDOWS\System32\SHELL32.dll
0x00007ffac0ec0000 - 0x00007ffac159a000 	C:\WINDOWS\System32\windows.storage.dll
0x00007ffac0e30000 - 0x00007ffac0e7c000 	C:\WINDOWS\System32\powrprof.dll
0x00007ffac4970000 - 0x00007ffac49c2000 	C:\WINDOWS\System32\shlwapi.dll
0x00007ffac0e80000 - 0x00007ffac0e8f000 	C:\WINDOWS\System32\kernel.appcore.dll
0x00007ffac1ac0000 - 0x00007ffac1b69000 	C:\WINDOWS\System32\shcore.dll
0x00007ffac0e90000 - 0x00007ffac0ea4000 	C:\WINDOWS\System32\profapi.dll

VM Arguments:
jvm_args: -Djava.awt.headless=true -Xmx1024M -Dfile.encoding=windows-1252 -Duser.country=DE -Duser.language=de -Duser.variant 
java_command: com.android.dx.command.Main --dex --force-jumbo --num-threads=4 --output C:\Users\Max\AndroidStudioProjects\StudyLA\StudyLA\app\build\intermediates\pre-dexed\debug\com.android.support-support-v4-24.0.0_155327e24b2c0e4cefc3a737488d84e1702fa8ed.jar C:\Users\Max\AndroidStudioProjects\StudyLA\StudyLA\app\build\intermediates\exploded-aar\com.android.support\support-v4\24.0.0\jars\classes.jar
java_class_path (initial): C:\Users\Max\AppData\Local\Android\sdk\build-tools\24.0.0\lib\dx.jar
Launcher Type: SUN_STANDARD

Environment Variables:
JAVA_HOME=C:\Program Files\Java\jdk1.8.0_65
PATH=C:\Program Files (x86)\NVIDIA Corporation\PhysX\Common;C:\ProgramData\Oracle\Java\javapath;C:\WINDOWS\system32;C:\WINDOWS;C:\WINDOWS\System32\Wbem;C:\WINDOWS\System32\WindowsPowerShell\v1.0\;C:\Program Files (x86)\AMD\ATI.ACE\Core-Static;C:\Program Files (x86)\ATI Technologies\ATI.ACE\Core-Static;C:\Program Files (x86)\Windows Kits\8.1\Windows Performance Toolkit\;C:\Program Files\Git\cmd;C:\WINDOWS\system32\config\systemprofile\.dnx\bin;C:\Program Files\Microsoft DNX\Dnvm\;C:\Program Files\Microsoft SQL Server\120\Tools\Binn\;C:\Program Files (x86)\Windows Live\Shared;C:\Users\Max\AppData\Local\Programs\Python\Python35-32\Scripts\;C:\Users\Max\AppData\Local\Programs\Python\Python35-32\;%USERPROFILE%\AppData\Local\Microsoft\WindowsApps;
USERNAME=Max
OS=Windows_NT
PROCESSOR_IDENTIFIER=Intel64 Family 6 Model 60 Stepping 3, GenuineIntel



---------------  S Y S T E M  ---------------

OS: Windows 10.0 , 64 bit Build 14393 (10.0.14393.0)

CPU:total 4 (4 cores per cpu, 1 threads per core) family 6 model 60 stepping 3, cmov, cx8, fxsr, mmx, sse, sse2, sse3, ssse3, sse4.1, sse4.2, popcnt, avx, avx2, aes, clmul, erms, lzcnt, tsc, tscinvbit, bmi1, bmi2

Memory: 4k page, physical 8264344k(1176160k free), swap 10949360k(5888k free)

vm_info: Java HotSpot(TM) 64-Bit Server VM (25.65-b01) for windows-amd64 JRE (1.8.0_65-b17), built on Oct  6 2015 16:39:20 by "java_re" with MS VC++ 10.0 (VS2010)

time: Tue Oct 25 14:51:15 2016
elapsed time: 7 seconds (0d 0h 0m 7s)

